[03-Jul-2023 15:57:55 UTC] PHP Fatal error:  Uncaught Error: Call to undefined function login() in C:\Users\Alex\Desktop\Router\Http\controllers\inscription\store.php:85
Stack trace:
#0 C:\Users\Alex\Desktop\Router\Core\Router.php(99): require()
#1 C:\Users\Alex\Desktop\Router\public\index.php(26): Core\Router->route('/register', 'POST')
#2 {main}
  thrown in C:\Users\Alex\Desktop\Router\Http\controllers\inscription\store.php on line 85
[03-Jul-2023 16:04:12 UTC] PHP Fatal error:  Uncaught Error: Call to undefined method Core\Database::lastInsertId() in C:\Users\Alex\Desktop\Router\Http\controllers\inscription\store.php:85
Stack trace:
#0 C:\Users\Alex\Desktop\Router\Core\Router.php(99): require()
#1 C:\Users\Alex\Desktop\Router\public\index.php(26): Core\Router->route('/register', 'POST')
#2 {main}
  thrown in C:\Users\Alex\Desktop\Router\Http\controllers\inscription\store.php on line 85
[03-Jul-2023 16:05:25 UTC] PHP Fatal error:  Uncaught Error: Call to undefined method Core\Database::lastInsertId() in C:\Users\Alex\Desktop\Router\Http\controllers\inscription\store.php:86
Stack trace:
#0 C:\Users\Alex\Desktop\Router\Core\Router.php(99): require()
#1 C:\Users\Alex\Desktop\Router\public\index.php(26): Core\Router->route('/register', 'POST')
#2 {main}
  thrown in C:\Users\Alex\Desktop\Router\Http\controllers\inscription\store.php on line 86
[03-Jul-2023 16:13:44 UTC] PHP Fatal error:  Uncaught PDOException: SQLSTATE[HY093]: Invalid parameter number: parameter was not defined in C:\Users\Alex\Desktop\Router\Core\Database.php:51
Stack trace:
#0 C:\Users\Alex\Desktop\Router\Core\Database.php(51): PDOStatement->execute(Array)
#1 C:\Users\Alex\Desktop\Router\Http\controllers\inscription\store.php(89): Core\Database->query('select * from u...', Array)
#2 C:\Users\Alex\Desktop\Router\Core\Router.php(99): require('C:\\Users\\Alex\\D...')
#3 C:\Users\Alex\Desktop\Router\public\index.php(26): Core\Router->route('/register', 'POST')
#4 {main}
  thrown in C:\Users\Alex\Desktop\Router\Core\Database.php on line 51
[03-Jul-2023 16:17:54 UTC] PHP Fatal error:  Uncaught Error: Cannot use object of type stdClass as array in C:\Users\Alex\Desktop\Router\views\index.view.php:8
Stack trace:
#0 C:\Users\Alex\Desktop\Router\Core\functions.php(81): require()
#1 C:\Users\Alex\Desktop\Router\Http\controllers\index.php(3): view('index.view.php')
#2 C:\Users\Alex\Desktop\Router\Core\Router.php(99): require('C:\\Users\\Alex\\D...')
#3 C:\Users\Alex\Desktop\Router\public\index.php(26): Core\Router->route('/', 'GET')
#4 {main}
  thrown in C:\Users\Alex\Desktop\Router\views\index.view.php on line 8
[03-Jul-2023 19:23:35 UTC] PHP Fatal error:  Uncaught Error: Call to undefined method Core\Database::getInstance() in C:\Users\Alex\Desktop\Router\Http\controllers\session\store.php:27
Stack trace:
#0 C:\Users\Alex\Desktop\Router\Core\Router.php(99): require()
#1 C:\Users\Alex\Desktop\Router\public\index.php(26): Core\Router->route('/session', 'POST')
#2 {main}
  thrown in C:\Users\Alex\Desktop\Router\Http\controllers\session\store.php on line 27
[03-Jul-2023 19:31:28 UTC] PHP Fatal error:  Uncaught ArgumentCountError: Too few arguments to function Core\Database::__construct(), 0 passed in C:\Users\Alex\Desktop\Router\Http\controllers\session\store.php on line 27 and at least 1 expected in C:\Users\Alex\Desktop\Router\Core\Database.php:31
Stack trace:
#0 C:\Users\Alex\Desktop\Router\Http\controllers\session\store.php(27): Core\Database->__construct()
#1 C:\Users\Alex\Desktop\Router\Core\Router.php(99): require('C:\\Users\\Alex\\D...')
#2 C:\Users\Alex\Desktop\Router\public\index.php(26): Core\Router->route('/session', 'POST')
#3 {main}
  thrown in C:\Users\Alex\Desktop\Router\Core\Database.php on line 31
[03-Jul-2023 20:16:39 UTC] PHP Fatal error:  Uncaught Error: Cannot use object of type stdClass as array in C:\Users\Alex\Desktop\Router\Core\Authenticator.php:15
Stack trace:
#0 C:\Users\Alex\Desktop\Router\Http\controllers\session\store.php(25): Core\Authenticator->attempt('alex@alex.com', 'alexalex')
#1 C:\Users\Alex\Desktop\Router\Core\Router.php(99): require('C:\\Users\\Alex\\D...')
#2 C:\Users\Alex\Desktop\Router\public\index.php(25): Core\Router->route('/session', 'POST')
#3 {main}
  thrown in C:\Users\Alex\Desktop\Router\Core\Authenticator.php on line 15
[03-Jul-2023 20:28:51 UTC] PHP Warning:  Undefined property: stdClass::$id_user in C:\Users\Alex\Desktop\Router\Core\Authenticator.php on line 29
[03-Jul-2023 20:28:51 UTC] PHP Warning:  Attempt to read property "role" on array in C:\Users\Alex\Desktop\Router\Http\controllers\session\store.php on line 37
[03-Jul-2023 20:29:20 UTC] PHP Warning:  Undefined property: stdClass::$id_user in C:\Users\Alex\Desktop\Router\Core\Authenticator.php on line 29
[03-Jul-2023 20:29:20 UTC] PHP Warning:  Attempt to read property "role" on array in C:\Users\Alex\Desktop\Router\Http\controllers\session\store.php on line 37
[03-Jul-2023 20:29:37 UTC] PHP Warning:  Undefined property: stdClass::$id_user in C:\Users\Alex\Desktop\Router\Core\Authenticator.php on line 29
[03-Jul-2023 20:29:37 UTC] PHP Warning:  Attempt to read property "role" on array in C:\Users\Alex\Desktop\Router\Http\controllers\session\store.php on line 37
[03-Jul-2023 20:30:02 UTC] PHP Warning:  Undefined variable $offset in C:\Users\Alex\Desktop\Router\views\forum\index.view.php on line 57
[03-Jul-2023 20:30:16 UTC] PHP Warning:  Undefined variable $offset in C:\Users\Alex\Desktop\Router\views\forum\index.view.php on line 57
[03-Jul-2023 20:30:31 UTC] PHP Warning:  require(C:\Users\Alex\Desktop\Router\public/../Http/controllers/blog.php): Failed to open stream: No such file or directory in C:\Users\Alex\Desktop\Router\Core\Router.php on line 99
[03-Jul-2023 20:30:31 UTC] PHP Fatal error:  Uncaught Error: Failed opening required 'C:\Users\Alex\Desktop\Router\public/../Http/controllers/blog.php' (include_path='.;C:\Windows\system32\pear') in C:\Users\Alex\Desktop\Router\Core\Router.php:99
Stack trace:
#0 C:\Users\Alex\Desktop\Router\public\index.php(25): Core\Router->route('/blog', 'GET')
#1 {main}
  thrown in C:\Users\Alex\Desktop\Router\Core\Router.php on line 99
[03-Jul-2023 20:30:34 UTC] PHP Warning:  Undefined variable $offset in C:\Users\Alex\Desktop\Router\views\forum\index.view.php on line 57
[03-Jul-2023 20:32:01 UTC] PHP Warning:  Undefined variable $offset in C:\Users\Alex\Desktop\Router\views\forum\index.view.php on line 57
[03-Jul-2023 20:42:42 UTC] PHP Warning:  Undefined property: stdClass::$id_user in C:\Users\Alex\Desktop\Router\Core\Authenticator.php on line 29
[03-Jul-2023 20:42:42 UTC] PHP Warning:  Attempt to read property "role" on array in C:\Users\Alex\Desktop\Router\Http\controllers\session\store.php on line 37
[03-Jul-2023 21:25:15 UTC] PHP Warning:  Undefined property: stdClass::$id_user in C:\Users\Alex\Desktop\Router\Core\Authenticator.php on line 29
[03-Jul-2023 21:25:15 UTC] PHP Warning:  Attempt to read property "role" on array in C:\Users\Alex\Desktop\Router\Http\controllers\session\store.php on line 37
[03-Jul-2023 21:28:30 UTC] PHP Warning:  Undefined property: stdClass::$id_user in C:\Users\Alex\Desktop\Router\Core\Authenticator.php on line 29
[03-Jul-2023 21:28:30 UTC] PHP Warning:  Attempt to read property "role" on array in C:\Users\Alex\Desktop\Router\Http\controllers\session\store.php on line 37
[03-Jul-2023 21:49:48 UTC] PHP Warning:  Undefined property: stdClass::$id_user in C:\Users\Alex\Desktop\maternity_book\Core\Authenticator.php on line 29
[03-Jul-2023 21:49:48 UTC] PHP Warning:  Attempt to read property "role" on array in C:\Users\Alex\Desktop\maternity_book\Http\controllers\session\store.php on line 37
[03-Jul-2023 21:49:57 UTC] PHP Warning:  Undefined property: stdClass::$id_user in C:\Users\Alex\Desktop\maternity_book\Core\Authenticator.php on line 29
[03-Jul-2023 21:49:57 UTC] PHP Warning:  Attempt to read property "role" on array in C:\Users\Alex\Desktop\maternity_book\Http\controllers\session\store.php on line 37
[03-Jul-2023 21:52:01 UTC] PHP Warning:  require(C:\Users\Alex\Desktop\maternity_book\Http\controllers/../views/terms_&amp;_conditions.view.php): Failed to open stream: No such file or directory in C:\Users\Alex\Desktop\maternity_book\Http\controllers\terms_&_conditions.php on line 3
[03-Jul-2023 21:52:01 UTC] PHP Fatal error:  Uncaught Error: Failed opening required 'C:\Users\Alex\Desktop\maternity_book\Http\controllers/../views/terms_&_conditions.view.php' (include_path='.;C:\Windows\system32\pear') in C:\Users\Alex\Desktop\maternity_book\Http\controllers\terms_&_conditions.php:3
Stack trace:
#0 C:\Users\Alex\Desktop\maternity_book\Core\Router.php(99): require()
#1 C:\Users\Alex\Desktop\maternity_book\public\index.php(25): Core\Router->route('/terms_&_condit...', 'GET')
#2 {main}
  thrown in C:\Users\Alex\Desktop\maternity_book\Http\controllers\terms_&_conditions.php on line 3
[03-Jul-2023 21:52:58 UTC] PHP Warning:  require(C:\Users\Alex\Desktop\maternity_book\Http\controllers/../views/terms_&amp;_conditions.view.php): Failed to open stream: No such file or directory in C:\Users\Alex\Desktop\maternity_book\Http\controllers\terms_&_conditions.php on line 3
[03-Jul-2023 21:52:58 UTC] PHP Fatal error:  Uncaught Error: Failed opening required 'C:\Users\Alex\Desktop\maternity_book\Http\controllers/../views/terms_&_conditions.view.php' (include_path='.;C:\Windows\system32\pear') in C:\Users\Alex\Desktop\maternity_book\Http\controllers\terms_&_conditions.php:3
Stack trace:
#0 C:\Users\Alex\Desktop\maternity_book\Core\Router.php(99): require()
#1 C:\Users\Alex\Desktop\maternity_book\public\index.php(25): Core\Router->route('/terms_&_condit...', 'GET')
#2 {main}
  thrown in C:\Users\Alex\Desktop\maternity_book\Http\controllers\terms_&_conditions.php on line 3
[03-Jul-2023 21:52:59 UTC] PHP Warning:  require(C:\Users\Alex\Desktop\maternity_book\Http\controllers/../views/terms_&amp;_conditions.view.php): Failed to open stream: No such file or directory in C:\Users\Alex\Desktop\maternity_book\Http\controllers\terms_&_conditions.php on line 3
[03-Jul-2023 21:52:59 UTC] PHP Fatal error:  Uncaught Error: Failed opening required 'C:\Users\Alex\Desktop\maternity_book\Http\controllers/../views/terms_&_conditions.view.php' (include_path='.;C:\Windows\system32\pear') in C:\Users\Alex\Desktop\maternity_book\Http\controllers\terms_&_conditions.php:3
Stack trace:
#0 C:\Users\Alex\Desktop\maternity_book\Core\Router.php(99): require()
#1 C:\Users\Alex\Desktop\maternity_book\public\index.php(25): Core\Router->route('/terms_&_condit...', 'GET')
#2 {main}
  thrown in C:\Users\Alex\Desktop\maternity_book\Http\controllers\terms_&_conditions.php on line 3
[03-Jul-2023 21:53:00 UTC] PHP Warning:  require(C:\Users\Alex\Desktop\maternity_book\Http\controllers/../views/terms_&amp;_conditions.view.php): Failed to open stream: No such file or directory in C:\Users\Alex\Desktop\maternity_book\Http\controllers\terms_&_conditions.php on line 3
[03-Jul-2023 21:53:00 UTC] PHP Fatal error:  Uncaught Error: Failed opening required 'C:\Users\Alex\Desktop\maternity_book\Http\controllers/../views/terms_&_conditions.view.php' (include_path='.;C:\Windows\system32\pear') in C:\Users\Alex\Desktop\maternity_book\Http\controllers\terms_&_conditions.php:3
Stack trace:
#0 C:\Users\Alex\Desktop\maternity_book\Core\Router.php(99): require()
#1 C:\Users\Alex\Desktop\maternity_book\public\index.php(25): Core\Router->route('/terms_&_condit...', 'GET')
#2 {main}
  thrown in C:\Users\Alex\Desktop\maternity_book\Http\controllers\terms_&_conditions.php on line 3
[03-Jul-2023 21:53:38 UTC] PHP Warning:  require(C:\Users\Alex\Desktop\maternity_book\Http\controllers/../views/privacy_policy.view.php): Failed to open stream: No such file or directory in C:\Users\Alex\Desktop\maternity_book\Http\controllers\privacy_policy.php on line 3
[03-Jul-2023 21:53:38 UTC] PHP Fatal error:  Uncaught Error: Failed opening required 'C:\Users\Alex\Desktop\maternity_book\Http\controllers/../views/privacy_policy.view.php' (include_path='.;C:\Windows\system32\pear') in C:\Users\Alex\Desktop\maternity_book\Http\controllers\privacy_policy.php:3
Stack trace:
#0 C:\Users\Alex\Desktop\maternity_book\Core\Router.php(99): require()
#1 C:\Users\Alex\Desktop\maternity_book\public\index.php(25): Core\Router->route('/privacy_policy', 'GET')
#2 {main}
  thrown in C:\Users\Alex\Desktop\maternity_book\Http\controllers\privacy_policy.php on line 3
[03-Jul-2023 22:08:56 UTC] PHP Warning:  Undefined property: stdClass::$id_user in C:\Users\Alex\Desktop\maternity_book\Core\Authenticator.php on line 29
[03-Jul-2023 22:08:56 UTC] PHP Warning:  Attempt to read property "role" on array in C:\Users\Alex\Desktop\maternity_book\Http\controllers\session\store.php on line 37
[03-Jul-2023 22:13:39 UTC] PHP Warning:  Undefined variable $offset in C:\Users\Alex\Desktop\maternity_book\views\forum\index.view.php on line 57
[03-Jul-2023 22:28:45 UTC] PHP Warning:  Undefined variable $offset in C:\Users\Alex\Desktop\maternity_book\views\forum\index.view.php on line 58
[03-Jul-2023 22:29:39 UTC] PHP Warning:  require(C:\Users\Alex\Desktop\maternity_book\public/../Http/controllers/blog/index.php): Failed to open stream: No such file or directory in C:\Users\Alex\Desktop\maternity_book\Core\Router.php on line 99
[03-Jul-2023 22:29:39 UTC] PHP Fatal error:  Uncaught Error: Failed opening required 'C:\Users\Alex\Desktop\maternity_book\public/../Http/controllers/blog/index.php' (include_path='.;C:\Windows\system32\pear') in C:\Users\Alex\Desktop\maternity_book\Core\Router.php:99
Stack trace:
#0 C:\Users\Alex\Desktop\maternity_book\public\index.php(25): Core\Router->route('/blog', 'GET')
#1 {main}
  thrown in C:\Users\Alex\Desktop\maternity_book\Core\Router.php on line 99
[03-Jul-2023 22:31:24 UTC] PHP Warning:  Undefined variable $offset in C:\Users\Alex\Desktop\maternity_book\views\forum\index.view.php on line 58
[03-Jul-2023 22:31:26 UTC] PHP Warning:  Undefined variable $offset in C:\Users\Alex\Desktop\maternity_book\views\blog\index.view.php on line 58
[04-Jul-2023 08:01:56 UTC] PHP Warning:  Undefined property: stdClass::$id_user in C:\Users\Alex\Desktop\maternity_book\Core\Authenticator.php on line 45
[04-Jul-2023 08:01:56 UTC] PHP Warning:  Attempt to read property "role" on array in C:\Users\Alex\Desktop\maternity_book\Http\controllers\session\store.php on line 37
[04-Jul-2023 08:03:59 UTC] PHP Warning:  Undefined variable $offset in C:\Users\Alex\Desktop\maternity_book\views\forum\index.view.php on line 58
[04-Jul-2023 08:21:05 UTC] PHP Warning:  Undefined variable $offset in C:\Users\Alex\Desktop\maternity_book\views\forum\index.view.php on line 58
[04-Jul-2023 08:22:54 UTC] PHP Warning:  Undefined variable $footer in C:\Users\Alex\Desktop\maternity_book\views\pricing.view.php on line 71
[04-Jul-2023 08:28:10 UTC] PHP Warning:  Undefined property: stdClass::$id_user in C:\Users\Alex\Desktop\maternity_book\Core\Authenticator.php on line 45
[04-Jul-2023 08:28:10 UTC] PHP Warning:  Attempt to read property "role" on array in C:\Users\Alex\Desktop\maternity_book\Http\controllers\session\store.php on line 37
[04-Jul-2023 08:29:29 UTC] PHP Warning:  Undefined property: stdClass::$id_user in C:\Users\Alex\Desktop\maternity_book\Core\Authenticator.php on line 45
[04-Jul-2023 08:29:29 UTC] PHP Warning:  Attempt to read property "role" on array in C:\Users\Alex\Desktop\maternity_book\Http\controllers\session\store.php on line 37
[04-Jul-2023 08:35:16 UTC] PHP Warning:  Undefined array key "user" in C:\Users\Alex\Desktop\maternity_book\Core\Middleware\Auth.php on line 16
[04-Jul-2023 08:35:16 UTC] PHP Warning:  Undefined array key "user" in C:\Users\Alex\Desktop\maternity_book\Core\Middleware\Auth.php on line 16
[04-Jul-2023 08:35:16 UTC] PHP Warning:  Undefined array key "user" in C:\Users\Alex\Desktop\maternity_book\Core\Middleware\Auth.php on line 16
[04-Jul-2023 08:35:16 UTC] PHP Warning:  Undefined array key "user" in C:\Users\Alex\Desktop\maternity_book\Core\Middleware\Auth.php on line 16
[04-Jul-2023 08:35:16 UTC] PHP Warning:  Undefined array key "user" in C:\Users\Alex\Desktop\maternity_book\Core\Middleware\Auth.php on line 16
[04-Jul-2023 08:35:17 UTC] PHP Warning:  Undefined array key "user" in C:\Users\Alex\Desktop\maternity_book\Core\Middleware\Auth.php on line 16
[04-Jul-2023 08:35:17 UTC] PHP Warning:  Undefined array key "user" in C:\Users\Alex\Desktop\maternity_book\Core\Middleware\Auth.php on line 16
[04-Jul-2023 08:35:17 UTC] PHP Warning:  Undefined array key "user" in C:\Users\Alex\Desktop\maternity_book\Core\Middleware\Auth.php on line 16
[04-Jul-2023 08:35:17 UTC] PHP Warning:  Undefined array key "user" in C:\Users\Alex\Desktop\maternity_book\Core\Middleware\Auth.php on line 16
[04-Jul-2023 08:35:17 UTC] PHP Warning:  Undefined array key "user" in C:\Users\Alex\Desktop\maternity_book\Core\Middleware\Auth.php on line 16
[04-Jul-2023 08:35:17 UTC] PHP Warning:  Undefined array key "user" in C:\Users\Alex\Desktop\maternity_book\Core\Middleware\Auth.php on line 16
[04-Jul-2023 08:35:17 UTC] PHP Warning:  Undefined array key "user" in C:\Users\Alex\Desktop\maternity_book\Core\Middleware\Auth.php on line 16
[04-Jul-2023 08:35:17 UTC] PHP Warning:  Undefined array key "user" in C:\Users\Alex\Desktop\maternity_book\Core\Middleware\Auth.php on line 16
[04-Jul-2023 08:35:17 UTC] PHP Warning:  Undefined array key "user" in C:\Users\Alex\Desktop\maternity_book\Core\Middleware\Auth.php on line 16
[04-Jul-2023 08:35:17 UTC] PHP Warning:  Undefined array key "user" in C:\Users\Alex\Desktop\maternity_book\Core\Middleware\Auth.php on line 16
[04-Jul-2023 08:35:17 UTC] PHP Warning:  Undefined array key "user" in C:\Users\Alex\Desktop\maternity_book\Core\Middleware\Auth.php on line 16
[04-Jul-2023 08:35:17 UTC] PHP Warning:  Undefined array key "user" in C:\Users\Alex\Desktop\maternity_book\Core\Middleware\Auth.php on line 16
[04-Jul-2023 08:35:17 UTC] PHP Warning:  Undefined array key "user" in C:\Users\Alex\Desktop\maternity_book\Core\Middleware\Auth.php on line 16
[04-Jul-2023 08:35:17 UTC] PHP Warning:  Undefined array key "user" in C:\Users\Alex\Desktop\maternity_book\Core\Middleware\Auth.php on line 16
[04-Jul-2023 08:35:17 UTC] PHP Warning:  Undefined array key "user" in C:\Users\Alex\Desktop\maternity_book\Core\Middleware\Auth.php on line 16
[04-Jul-2023 08:35:17 UTC] PHP Warning:  Undefined array key "user" in C:\Users\Alex\Desktop\maternity_book\Core\Middleware\Auth.php on line 16
[04-Jul-2023 08:35:28 UTC] PHP Warning:  Undefined property: stdClass::$id_user in C:\Users\Alex\Desktop\maternity_book\Core\Authenticator.php on line 45
[04-Jul-2023 08:35:28 UTC] PHP Warning:  Attempt to read property "role" on array in C:\Users\Alex\Desktop\maternity_book\Http\controllers\session\store.php on line 37
[04-Jul-2023 08:35:29 UTC] PHP Warning:  Undefined variable $offset in C:\Users\Alex\Desktop\maternity_book\views\forum\index.view.php on line 58
[04-Jul-2023 09:42:50 UTC] PHP Warning:  Undefined property: stdClass::$id_user in C:\Users\Alex\Desktop\maternity_book\Core\Authenticator.php on line 45
[04-Jul-2023 09:42:50 UTC] PHP Warning:  Attempt to read property "role" on array in C:\Users\Alex\Desktop\maternity_book\Http\controllers\session\store.php on line 37
[04-Jul-2023 09:43:00 UTC] PHP Warning:  Undefined property: stdClass::$id_user in C:\Users\Alex\Desktop\maternity_book\Core\Authenticator.php on line 45
[04-Jul-2023 09:43:00 UTC] PHP Warning:  Attempt to read property "role" on array in C:\Users\Alex\Desktop\maternity_book\Http\controllers\session\store.php on line 37
[04-Jul-2023 09:43:03 UTC] PHP Warning:  Undefined variable $offset in C:\Users\Alex\Desktop\maternity_book\views\forum\index.view.php on line 58
[04-Jul-2023 09:47:42 UTC] PHP Warning:  Undefined property: stdClass::$id_user in C:\Users\Alex\Desktop\maternity_book\Core\Authenticator.php on line 45
[04-Jul-2023 09:47:42 UTC] PHP Warning:  Attempt to read property "role" on array in C:\Users\Alex\Desktop\maternity_book\Http\controllers\session\store.php on line 37
[04-Jul-2023 09:47:48 UTC] PHP Warning:  Undefined variable $offset in C:\Users\Alex\Desktop\maternity_book\views\forum\index.view.php on line 58
[04-Jul-2023 09:47:51 UTC] PHP Warning:  Undefined variable $offset in C:\Users\Alex\Desktop\maternity_book\views\blog\index.view.php on line 46
[04-Jul-2023 09:48:15 UTC] PHP Warning:  Undefined variable $offset in C:\Users\Alex\Desktop\maternity_book\views\forum\index.view.php on line 58
[04-Jul-2023 09:48:24 UTC] PHP Warning:  Undefined variable $offset in C:\Users\Alex\Desktop\maternity_book\views\forum\index.view.php on line 58
[04-Jul-2023 14:16:55 UTC] PHP Warning:  require(C:\Users\Alex\Desktop\maternity_book\public/../views/user/index.view.php): Failed to open stream: No such file or directory in C:\Users\Alex\Desktop\maternity_book\Core\functions.php on line 82
[04-Jul-2023 14:16:55 UTC] PHP Fatal error:  Uncaught Error: Failed opening required 'C:\Users\Alex\Desktop\maternity_book\public/../views/user/index.view.php' (include_path='.;C:\Windows\system32\pear') in C:\Users\Alex\Desktop\maternity_book\Core\functions.php:82
Stack trace:
#0 C:\Users\Alex\Desktop\maternity_book\Http\controllers\user\index.php(8): view('user/index.view...', Array)
#1 C:\Users\Alex\Desktop\maternity_book\Core\Router.php(129): require('C:\\Users\\Alex\\D...')
#2 C:\Users\Alex\Desktop\maternity_book\public\index.php(44): Core\Router->route('/user', 'GET')
#3 {main}
  thrown in C:\Users\Alex\Desktop\maternity_book\Core\functions.php on line 82
[04-Jul-2023 14:24:16 UTC] PHP Warning:  require(C:\Users\Alex\Desktop\maternity_book\public/../views/user/index.view.php): Failed to open stream: No such file or directory in C:\Users\Alex\Desktop\maternity_book\Core\functions.php on line 82
[04-Jul-2023 14:24:16 UTC] PHP Fatal error:  Uncaught Error: Failed opening required 'C:\Users\Alex\Desktop\maternity_book\public/../views/user/index.view.php' (include_path='.;C:\Windows\system32\pear') in C:\Users\Alex\Desktop\maternity_book\Core\functions.php:82
Stack trace:
#0 C:\Users\Alex\Desktop\maternity_book\Http\controllers\user\index.php(8): view('user/index.view...', Array)
#1 C:\Users\Alex\Desktop\maternity_book\Core\Router.php(129): require('C:\\Users\\Alex\\D...')
#2 C:\Users\Alex\Desktop\maternity_book\public\index.php(44): Core\Router->route('/user', 'GET')
#3 {main}
  thrown in C:\Users\Alex\Desktop\maternity_book\Core\functions.php on line 82
[04-Jul-2023 14:24:17 UTC] PHP Warning:  require(C:\Users\Alex\Desktop\maternity_book\public/../views/user/index.view.php): Failed to open stream: No such file or directory in C:\Users\Alex\Desktop\maternity_book\Core\functions.php on line 82
[04-Jul-2023 14:24:17 UTC] PHP Fatal error:  Uncaught Error: Failed opening required 'C:\Users\Alex\Desktop\maternity_book\public/../views/user/index.view.php' (include_path='.;C:\Windows\system32\pear') in C:\Users\Alex\Desktop\maternity_book\Core\functions.php:82
Stack trace:
#0 C:\Users\Alex\Desktop\maternity_book\Http\controllers\user\index.php(8): view('user/index.view...', Array)
#1 C:\Users\Alex\Desktop\maternity_book\Core\Router.php(129): require('C:\\Users\\Alex\\D...')
#2 C:\Users\Alex\Desktop\maternity_book\public\index.php(44): Core\Router->route('/user', 'GET')
#3 {main}
  thrown in C:\Users\Alex\Desktop\maternity_book\Core\functions.php on line 82
[04-Jul-2023 14:24:24 UTC] PHP Warning:  require(C:\Users\Alex\Desktop\maternity_book\public/../views/user/index.view.php): Failed to open stream: No such file or directory in C:\Users\Alex\Desktop\maternity_book\Core\functions.php on line 82
[04-Jul-2023 14:24:24 UTC] PHP Fatal error:  Uncaught Error: Failed opening required 'C:\Users\Alex\Desktop\maternity_book\public/../views/user/index.view.php' (include_path='.;C:\Windows\system32\pear') in C:\Users\Alex\Desktop\maternity_book\Core\functions.php:82
Stack trace:
#0 C:\Users\Alex\Desktop\maternity_book\Http\controllers\user\index.php(8): view('user/index.view...', Array)
#1 C:\Users\Alex\Desktop\maternity_book\Core\Router.php(129): require('C:\\Users\\Alex\\D...')
#2 C:\Users\Alex\Desktop\maternity_book\public\index.php(44): Core\Router->route('/user', 'GET')
#3 {main}
  thrown in C:\Users\Alex\Desktop\maternity_book\Core\functions.php on line 82
[04-Jul-2023 14:27:19 UTC] PHP Warning:  require(C:\Users\Alex\Desktop\maternity_book\public/../Http/controllers/user/index.view.php): Failed to open stream: No such file or directory in C:\Users\Alex\Desktop\maternity_book\Core\Router.php on line 129
[04-Jul-2023 14:27:19 UTC] PHP Fatal error:  Uncaught Error: Failed opening required 'C:\Users\Alex\Desktop\maternity_book\public/../Http/controllers/user/index.view.php' (include_path='.;C:\Windows\system32\pear') in C:\Users\Alex\Desktop\maternity_book\Core\Router.php:129
Stack trace:
#0 C:\Users\Alex\Desktop\maternity_book\public\index.php(44): Core\Router->route('/user', 'GET')
#1 {main}
  thrown in C:\Users\Alex\Desktop\maternity_book\Core\Router.php on line 129
[04-Jul-2023 14:38:14 UTC] PHP Warning:  require_once(user/index.view.php_cnx/connect.php): Failed to open stream: No such file or directory in C:\Users\Alex\Desktop\maternity_book\views\includes\user.layout.php on line 21
[04-Jul-2023 14:38:14 UTC] PHP Fatal error:  Uncaught Error: Failed opening required 'user/index.view.php_cnx/connect.php' (include_path='.;C:\Windows\system32\pear') in C:\Users\Alex\Desktop\maternity_book\views\includes\user.layout.php:21
Stack trace:
#0 C:\Users\Alex\Desktop\maternity_book\views\user\index.view.php(3): require()
#1 C:\Users\Alex\Desktop\maternity_book\Core\functions.php(82): require('C:\\Users\\Alex\\D...')
#2 C:\Users\Alex\Desktop\maternity_book\Http\controllers\user\index.php(8): view('user/index.view...', Array)
#3 C:\Users\Alex\Desktop\maternity_book\Core\Router.php(129): require('C:\\Users\\Alex\\D...')
#4 C:\Users\Alex\Desktop\maternity_book\public\index.php(44): Core\Router->route('/user', 'GET')
#5 {main}
  thrown in C:\Users\Alex\Desktop\maternity_book\views\includes\user.layout.php on line 21
[04-Jul-2023 14:38:29 UTC] PHP Warning:  require_once(user/index.view.phpmodels/user.model.php): Failed to open stream: No such file or directory in C:\Users\Alex\Desktop\maternity_book\views\includes\user.layout.php on line 22
[04-Jul-2023 14:38:29 UTC] PHP Fatal error:  Uncaught Error: Failed opening required 'user/index.view.phpmodels/user.model.php' (include_path='.;C:\Windows\system32\pear') in C:\Users\Alex\Desktop\maternity_book\views\includes\user.layout.php:22
Stack trace:
#0 C:\Users\Alex\Desktop\maternity_book\views\user\index.view.php(3): require()
#1 C:\Users\Alex\Desktop\maternity_book\Core\functions.php(82): require('C:\\Users\\Alex\\D...')
#2 C:\Users\Alex\Desktop\maternity_book\Http\controllers\user\index.php(8): view('user/index.view...', Array)
#3 C:\Users\Alex\Desktop\maternity_book\Core\Router.php(129): require('C:\\Users\\Alex\\D...')
#4 C:\Users\Alex\Desktop\maternity_book\public\index.php(44): Core\Router->route('/user', 'GET')
#5 {main}
  thrown in C:\Users\Alex\Desktop\maternity_book\views\includes\user.layout.php on line 22
[04-Jul-2023 14:39:02 UTC] PHP Fatal error:  Uncaught Error: Call to a member function prepare() on null in C:\Users\Alex\Desktop\maternity_book\models\user.model.php:11
Stack trace:
#0 C:\Users\Alex\Desktop\maternity_book\views\includes\user.layout.php(33): UserModel->getUser()
#1 C:\Users\Alex\Desktop\maternity_book\views\user\index.view.php(3): require('C:\\Users\\Alex\\D...')
#2 C:\Users\Alex\Desktop\maternity_book\Core\functions.php(82): require('C:\\Users\\Alex\\D...')
#3 C:\Users\Alex\Desktop\maternity_book\Http\controllers\user\index.php(8): view('user/index.view...', Array)
#4 C:\Users\Alex\Desktop\maternity_book\Core\Router.php(129): require('C:\\Users\\Alex\\D...')
#5 C:\Users\Alex\Desktop\maternity_book\public\index.php(44): Core\Router->route('/user', 'GET')
#6 {main}
  thrown in C:\Users\Alex\Desktop\maternity_book\models\user.model.php on line 11
[04-Jul-2023 15:07:43 UTC] PHP Fatal error:  Uncaught Error: Call to a member function prepare() on null in C:\Users\Alex\Desktop\maternity_book\models\user.model.php:11
Stack trace:
#0 C:\Users\Alex\Desktop\maternity_book\views\includes\user.layout.php(33): UserModel->getUser()
#1 C:\Users\Alex\Desktop\maternity_book\views\user\index.view.php(3): require('C:\\Users\\Alex\\D...')
#2 C:\Users\Alex\Desktop\maternity_book\Core\functions.php(82): require('C:\\Users\\Alex\\D...')
#3 C:\Users\Alex\Desktop\maternity_book\Http\controllers\user\index.php(8): view('user/index.view...', Array)
#4 C:\Users\Alex\Desktop\maternity_book\Core\Router.php(129): require('C:\\Users\\Alex\\D...')
#5 C:\Users\Alex\Desktop\maternity_book\public\index.php(44): Core\Router->route('/user', 'GET')
#6 {main}
  thrown in C:\Users\Alex\Desktop\maternity_book\models\user.model.php on line 11
[04-Jul-2023 15:08:01 UTC] PHP Warning:  require(C:\Users\Alex\Desktop\maternity_book\public/../Http/controllers/index.view.php): Failed to open stream: No such file or directory in C:\Users\Alex\Desktop\maternity_book\Core\Router.php on line 129
[04-Jul-2023 15:08:01 UTC] PHP Fatal error:  Uncaught Error: Failed opening required 'C:\Users\Alex\Desktop\maternity_book\public/../Http/controllers/index.view.php' (include_path='.;C:\Windows\system32\pear') in C:\Users\Alex\Desktop\maternity_book\Core\Router.php:129
Stack trace:
#0 C:\Users\Alex\Desktop\maternity_book\public\index.php(44): Core\Router->route('/', 'GET')
#1 {main}
  thrown in C:\Users\Alex\Desktop\maternity_book\Core\Router.php on line 129
[04-Jul-2023 15:14:30 UTC] PHP Warning:  Undefined property: stdClass::$id_user in C:\Users\Alex\Desktop\maternity_book\Core\Authenticator.php on line 45
[04-Jul-2023 15:14:30 UTC] PHP Warning:  Attempt to read property "role" on array in C:\Users\Alex\Desktop\maternity_book\Http\controllers\session\store.php on line 37
[04-Jul-2023 15:14:31 UTC] PHP Warning:  Undefined variable $offset in C:\Users\Alex\Desktop\maternity_book\views\forum\index.view.php on line 58
[04-Jul-2023 15:19:43 UTC] PHP Fatal error:  Uncaught Error: Call to a member function prepare() on null in C:\Users\Alex\Desktop\maternity_book\models\user.model.php:11
Stack trace:
#0 C:\Users\Alex\Desktop\maternity_book\views\includes\user.layout.php(33): UserModel->getUser()
#1 C:\Users\Alex\Desktop\maternity_book\views\user\index.view.php(3): require('C:\\Users\\Alex\\D...')
#2 C:\Users\Alex\Desktop\maternity_book\Core\functions.php(82): require('C:\\Users\\Alex\\D...')
#3 C:\Users\Alex\Desktop\maternity_book\Http\controllers\user\index.php(8): view('user/index.view...', Array)
#4 C:\Users\Alex\Desktop\maternity_book\Core\Router.php(129): require('C:\\Users\\Alex\\D...')
#5 C:\Users\Alex\Desktop\maternity_book\public\index.php(44): Core\Router->route('/user', 'GET')
#6 {main}
  thrown in C:\Users\Alex\Desktop\maternity_book\models\user.model.php on line 11
[04-Jul-2023 15:26:48 UTC] PHP Warning:  Undefined property: stdClass::$id_user in C:\Users\Alex\Desktop\maternity_book\Core\Authenticator.php on line 45
[04-Jul-2023 15:26:48 UTC] PHP Warning:  Attempt to read property "role" on array in C:\Users\Alex\Desktop\maternity_book\Http\controllers\session\store.php on line 37
[04-Jul-2023 15:31:49 UTC] PHP Warning:  Undefined property: stdClass::$id_user in C:\Users\Alex\Desktop\maternity_book\Core\Authenticator.php on line 45
[04-Jul-2023 15:31:49 UTC] PHP Warning:  Attempt to read property "role" on array in C:\Users\Alex\Desktop\maternity_book\Http\controllers\session\store.php on line 37
[04-Jul-2023 15:34:12 UTC] PHP Warning:  Undefined property: stdClass::$id_user in C:\Users\Alex\Desktop\maternity_book\Core\Authenticator.php on line 45
[04-Jul-2023 15:34:12 UTC] PHP Warning:  Attempt to read property "role" on array in C:\Users\Alex\Desktop\maternity_book\Http\controllers\session\store.php on line 37
[04-Jul-2023 15:47:21 UTC] PHP Fatal error:  Uncaught Error: Call to a member function prepare() on null in C:\Users\Alex\Desktop\maternity_book\models\user.model.php:11
Stack trace:
#0 C:\Users\Alex\Desktop\maternity_book\views\includes\user.layout.php(33): UserModel->getUser()
#1 C:\Users\Alex\Desktop\maternity_book\views\user\index.view.php(3): require('C:\\Users\\Alex\\D...')
#2 C:\Users\Alex\Desktop\maternity_book\Core\functions.php(82): require('C:\\Users\\Alex\\D...')
#3 C:\Users\Alex\Desktop\maternity_book\Http\controllers\user\index.php(8): view('user/index.view...', Array)
#4 C:\Users\Alex\Desktop\maternity_book\Core\Router.php(129): require('C:\\Users\\Alex\\D...')
#5 C:\Users\Alex\Desktop\maternity_book\public\index.php(44): Core\Router->route('/user', 'GET')
#6 {main}
  thrown in C:\Users\Alex\Desktop\maternity_book\models\user.model.php on line 11
[04-Jul-2023 16:31:41 UTC] PHP Fatal error:  Uncaught Error: Class "UserModel" not found in C:\Users\Alex\Desktop\maternity_book\Http\controllers\user\index.php:8
Stack trace:
#0 C:\Users\Alex\Desktop\maternity_book\Core\Router.php(129): require()
#1 C:\Users\Alex\Desktop\maternity_book\public\index.php(44): Core\Router->route('/user', 'GET')
#2 {main}
  thrown in C:\Users\Alex\Desktop\maternity_book\Http\controllers\user\index.php on line 8
[04-Jul-2023 16:39:36 UTC] PHP Fatal error:  Uncaught TypeError: UserModel::__construct(): Argument #1 ($pdo) must be of type PDO, Core\Database given, called in C:\Users\Alex\Desktop\maternity_book\Http\controllers\user\index.php on line 10 and defined in C:\Users\Alex\Desktop\maternity_book\Models\user.model.php:9
Stack trace:
#0 C:\Users\Alex\Desktop\maternity_book\Http\controllers\user\index.php(10): UserModel->__construct(Object(Core\Database))
#1 C:\Users\Alex\Desktop\maternity_book\Core\Router.php(129): require('C:\\Users\\Alex\\D...')
#2 C:\Users\Alex\Desktop\maternity_book\public\index.php(44): Core\Router->route('/user', 'GET')
#3 {main}
  thrown in C:\Users\Alex\Desktop\maternity_book\Models\user.model.php on line 9
[04-Jul-2023 16:42:14 UTC] PHP Fatal error:  Uncaught TypeError: UserModel::__construct(): Argument #1 ($database) must be of type Core\Database, PDO given, called in C:\Users\Alex\Desktop\maternity_book\Http\controllers\user\index.php on line 10 and defined in C:\Users\Alex\Desktop\maternity_book\Models\user.model.php:9
Stack trace:
#0 C:\Users\Alex\Desktop\maternity_book\Http\controllers\user\index.php(10): UserModel->__construct(Object(PDO))
#1 C:\Users\Alex\Desktop\maternity_book\Core\Router.php(129): require('C:\\Users\\Alex\\D...')
#2 C:\Users\Alex\Desktop\maternity_book\public\index.php(44): Core\Router->route('/user', 'GET')
#3 {main}
  thrown in C:\Users\Alex\Desktop\maternity_book\Models\user.model.php on line 9
[04-Jul-2023 16:43:10 UTC] PHP Fatal error:  Uncaught TypeError: UserModel::__construct(): Argument #1 ($database) must be of type Core\Database, PDO given, called in C:\Users\Alex\Desktop\maternity_book\Http\controllers\user\index.php on line 10 and defined in C:\Users\Alex\Desktop\maternity_book\Models\user.model.php:9
Stack trace:
#0 C:\Users\Alex\Desktop\maternity_book\Http\controllers\user\index.php(10): UserModel->__construct(Object(PDO))
#1 C:\Users\Alex\Desktop\maternity_book\Core\Router.php(129): require('C:\\Users\\Alex\\D...')
#2 C:\Users\Alex\Desktop\maternity_book\public\index.php(44): Core\Router->route('/user', 'GET')
#3 {main}
  thrown in C:\Users\Alex\Desktop\maternity_book\Models\user.model.php on line 9
[04-Jul-2023 17:13:20 UTC] PHP Fatal error:  Uncaught Error: Class "UserModel" not found in C:\Users\Alex\Desktop\maternity_book\Http\controllers\user\index.php:9
Stack trace:
#0 C:\Users\Alex\Desktop\maternity_book\Core\Router.php(129): require()
#1 C:\Users\Alex\Desktop\maternity_book\public\index.php(44): Core\Router->route('/user', 'GET')
#2 {main}
  thrown in C:\Users\Alex\Desktop\maternity_book\Http\controllers\user\index.php on line 9
[04-Jul-2023 17:22:09 UTC] PHP Fatal error:  Uncaught Error: Class "UserModel" not found in C:\Users\Alex\Desktop\maternity_book\Http\controllers\user\index.php:9
Stack trace:
#0 C:\Users\Alex\Desktop\maternity_book\Core\Router.php(129): require()
#1 C:\Users\Alex\Desktop\maternity_book\public\index.php(44): Core\Router->route('/user', 'GET')
#2 {main}
  thrown in C:\Users\Alex\Desktop\maternity_book\Http\controllers\user\index.php on line 9
[04-Jul-2023 22:10:40 UTC] PHP Fatal error:  Uncaught Error: Class "UserModel" not found in C:\Users\Alex\Desktop\maternity_book\Http\controllers\user\index.php:9
Stack trace:
#0 C:\Users\Alex\Desktop\maternity_book\Core\Router.php(129): require()
#1 C:\Users\Alex\Desktop\maternity_book\public\index.php(44): Core\Router->route('/user', 'GET')
#2 {main}
  thrown in C:\Users\Alex\Desktop\maternity_book\Http\controllers\user\index.php on line 9
[04-Jul-2023 22:15:00 UTC] PHP Fatal error:  Uncaught Error: Class "UserModel" not found in C:\Users\Alex\Desktop\maternity_book\Http\controllers\user\index.php:9
Stack trace:
#0 C:\Users\Alex\Desktop\maternity_book\Core\Router.php(129): require()
#1 C:\Users\Alex\Desktop\maternity_book\public\index.php(44): Core\Router->route('/user', 'GET')
#2 {main}
  thrown in C:\Users\Alex\Desktop\maternity_book\Http\controllers\user\index.php on line 9
[04-Jul-2023 22:25:29 UTC] PHP Fatal error:  Uncaught Error: Class "UserModel" not found in C:\Users\Alex\Desktop\maternity_book\views\includes\user.layout.php:28
Stack trace:
#0 C:\Users\Alex\Desktop\maternity_book\views\user\index.view.php(3): require()
#1 C:\Users\Alex\Desktop\maternity_book\Core\functions.php(82): require('C:\\Users\\Alex\\D...')
#2 C:\Users\Alex\Desktop\maternity_book\Http\controllers\user\index.php(14): view('user/index.view...', Array)
#3 C:\Users\Alex\Desktop\maternity_book\Core\Router.php(129): require('C:\\Users\\Alex\\D...')
#4 C:\Users\Alex\Desktop\maternity_book\public\index.php(44): Core\Router->route('/user', 'GET')
#5 {main}
  thrown in C:\Users\Alex\Desktop\maternity_book\views\includes\user.layout.php on line 28
[04-Jul-2023 22:29:09 UTC] PHP Fatal error:  Uncaught Error: Class "UserModel" not found in C:\Users\Alex\Desktop\maternity_book\views\includes\user.layout.php:28
Stack trace:
#0 C:\Users\Alex\Desktop\maternity_book\views\user\index.view.php(3): require()
#1 C:\Users\Alex\Desktop\maternity_book\Core\functions.php(82): require('C:\\Users\\Alex\\D...')
#2 C:\Users\Alex\Desktop\maternity_book\Http\controllers\user\index.php(14): view('user/index.view...', Array)
#3 C:\Users\Alex\Desktop\maternity_book\Core\Router.php(129): require('C:\\Users\\Alex\\D...')
#4 C:\Users\Alex\Desktop\maternity_book\public\index.php(44): Core\Router->route('/user', 'GET')
#5 {main}
  thrown in C:\Users\Alex\Desktop\maternity_book\views\includes\user.layout.php on line 28
[04-Jul-2023 22:31:33 UTC] PHP Fatal error:  Uncaught Error: Class "UserModel" not found in C:\Users\Alex\Desktop\maternity_book\views\includes\user.layout.php:28
Stack trace:
#0 C:\Users\Alex\Desktop\maternity_book\views\user\index.view.php(3): require()
#1 C:\Users\Alex\Desktop\maternity_book\Core\functions.php(82): require('C:\\Users\\Alex\\D...')
#2 C:\Users\Alex\Desktop\maternity_book\Http\controllers\user\index.php(14): view('user/index.view...', Array)
#3 C:\Users\Alex\Desktop\maternity_book\Core\Router.php(129): require('C:\\Users\\Alex\\D...')
#4 C:\Users\Alex\Desktop\maternity_book\public\index.php(44): Core\Router->route('/user', 'GET')
#5 {main}
  thrown in C:\Users\Alex\Desktop\maternity_book\views\includes\user.layout.php on line 28
[04-Jul-2023 22:31:59 UTC] PHP Fatal error:  Uncaught Error: Class "UserModel" not found in C:\Users\Alex\Desktop\maternity_book\views\includes\user.layout.php:28
Stack trace:
#0 C:\Users\Alex\Desktop\maternity_book\views\user\index.view.php(3): require()
#1 C:\Users\Alex\Desktop\maternity_book\Core\functions.php(82): require('C:\\Users\\Alex\\D...')
#2 C:\Users\Alex\Desktop\maternity_book\Http\controllers\user\index.php(14): view('user/index.view...', Array)
#3 C:\Users\Alex\Desktop\maternity_book\Core\Router.php(129): require('C:\\Users\\Alex\\D...')
#4 C:\Users\Alex\Desktop\maternity_book\public\index.php(44): Core\Router->route('/user', 'GET')
#5 {main}
  thrown in C:\Users\Alex\Desktop\maternity_book\views\includes\user.layout.php on line 28
[04-Jul-2023 22:51:21 UTC] PHP Fatal error:  Uncaught Error: Class "UserModel" not found in C:\Users\Alex\Desktop\maternity_book\views\includes\user.layout.php:28
Stack trace:
#0 C:\Users\Alex\Desktop\maternity_book\views\user\index.view.php(3): require()
#1 C:\Users\Alex\Desktop\maternity_book\Core\functions.php(82): require('C:\\Users\\Alex\\D...')
#2 C:\Users\Alex\Desktop\maternity_book\Http\controllers\user\index.php(14): view('user/index.view...', Array)
#3 C:\Users\Alex\Desktop\maternity_book\Core\Router.php(129): require('C:\\Users\\Alex\\D...')
#4 C:\Users\Alex\Desktop\maternity_book\public\index.php(44): Core\Router->route('/user', 'GET')
#5 {main}
  thrown in C:\Users\Alex\Desktop\maternity_book\views\includes\user.layout.php on line 28
[04-Jul-2023 22:53:13 UTC] PHP Fatal error:  Uncaught Error: Class "UserModel" not found in C:\Users\Alex\Desktop\maternity_book\views\includes\user.layout.php:28
Stack trace:
#0 C:\Users\Alex\Desktop\maternity_book\views\user\index.view.php(3): require()
#1 C:\Users\Alex\Desktop\maternity_book\Core\functions.php(82): require('C:\\Users\\Alex\\D...')
#2 C:\Users\Alex\Desktop\maternity_book\Http\controllers\user\index.php(14): view('user/index.view...', Array)
#3 C:\Users\Alex\Desktop\maternity_book\Core\Router.php(129): require('C:\\Users\\Alex\\D...')
#4 C:\Users\Alex\Desktop\maternity_book\public\index.php(44): Core\Router->route('/user', 'GET')
#5 {main}
  thrown in C:\Users\Alex\Desktop\maternity_book\views\includes\user.layout.php on line 28
[04-Jul-2023 22:56:56 UTC] PHP Warning:  Undefined array key "id" in C:\Users\Alex\Desktop\maternity_book\Models\UserModel.php on line 25
[04-Jul-2023 22:56:56 UTC] PHP Fatal error:  Uncaught PDOException: SQLSTATE[42S22]: Column not found: 1054 Champ 'u.mail' inconnu dans field list in C:\Users\Alex\Desktop\maternity_book\Models\UserModel.php:24
Stack trace:
#0 C:\Users\Alex\Desktop\maternity_book\Models\UserModel.php(24): PDOStatement->execute(Array)
#1 C:\Users\Alex\Desktop\maternity_book\views\includes\user.layout.php(35): Models\UserModel->getUser()
#2 C:\Users\Alex\Desktop\maternity_book\views\user\index.view.php(3): require('C:\\Users\\Alex\\D...')
#3 C:\Users\Alex\Desktop\maternity_book\Core\functions.php(82): require('C:\\Users\\Alex\\D...')
#4 C:\Users\Alex\Desktop\maternity_book\Http\controllers\user\index.php(14): view('user/index.view...', Array)
#5 C:\Users\Alex\Desktop\maternity_book\Core\Router.php(129): require('C:\\Users\\Alex\\D...')
#6 C:\Users\Alex\Desktop\maternity_book\public\index.php(44): Core\Router->route('/user', 'GET')
#7 {main}
  thrown in C:\Users\Alex\Desktop\maternity_book\Models\UserModel.php on line 24
[04-Jul-2023 23:02:54 UTC] PHP Warning:  Undefined array key "id" in C:\Users\Alex\Desktop\maternity_book\Models\UserModel.php on line 25
[04-Jul-2023 23:02:54 UTC] PHP Fatal error:  Uncaught PDOException: SQLSTATE[42S22]: Column not found: 1054 Champ 'u.id_parent' inconnu dans field list in C:\Users\Alex\Desktop\maternity_book\Models\UserModel.php:24
Stack trace:
#0 C:\Users\Alex\Desktop\maternity_book\Models\UserModel.php(24): PDOStatement->execute(Array)
#1 C:\Users\Alex\Desktop\maternity_book\views\includes\user.layout.php(35): Models\UserModel->getUser()
#2 C:\Users\Alex\Desktop\maternity_book\views\user\index.view.php(3): require('C:\\Users\\Alex\\D...')
#3 C:\Users\Alex\Desktop\maternity_book\Core\functions.php(82): require('C:\\Users\\Alex\\D...')
#4 C:\Users\Alex\Desktop\maternity_book\Http\controllers\user\index.php(14): view('user/index.view...', Array)
#5 C:\Users\Alex\Desktop\maternity_book\Core\Router.php(129): require('C:\\Users\\Alex\\D...')
#6 C:\Users\Alex\Desktop\maternity_book\public\index.php(44): Core\Router->route('/user', 'GET')
#7 {main}
  thrown in C:\Users\Alex\Desktop\maternity_book\Models\UserModel.php on line 24
[04-Jul-2023 23:48:33 UTC] PHP Warning:  Undefined array key "id" in C:\Users\Alex\Desktop\maternity_book\Models\UserModel.php on line 25
[04-Jul-2023 23:48:33 UTC] PHP Fatal error:  Uncaught PDOException: SQLSTATE[42S02]: Base table or view not found: 1146 La table 'maternity_book.user' n'existe pas in C:\Users\Alex\Desktop\maternity_book\Models\UserModel.php:24
Stack trace:
#0 C:\Users\Alex\Desktop\maternity_book\Models\UserModel.php(24): PDOStatement->execute(Array)
#1 C:\Users\Alex\Desktop\maternity_book\views\includes\user.layout.php(35): Models\UserModel->getUser()
#2 C:\Users\Alex\Desktop\maternity_book\views\user\index.view.php(3): require('C:\\Users\\Alex\\D...')
#3 C:\Users\Alex\Desktop\maternity_book\Core\functions.php(82): require('C:\\Users\\Alex\\D...')
#4 C:\Users\Alex\Desktop\maternity_book\Http\controllers\user\index.php(14): view('user/index.view...', Array)
#5 C:\Users\Alex\Desktop\maternity_book\Core\Router.php(129): require('C:\\Users\\Alex\\D...')
#6 C:\Users\Alex\Desktop\maternity_book\public\index.php(44): Core\Router->route('/user', 'GET')
#7 {main}
  thrown in C:\Users\Alex\Desktop\maternity_book\Models\UserModel.php on line 24
[05-Jul-2023 01:42:03 UTC] PHP Warning:  Undefined property: stdClass::$password in C:\Users\Alex\Desktop\maternity_book\Core\Authenticator.php on line 25
[05-Jul-2023 01:42:03 UTC] PHP Deprecated:  password_verify(): Passing null to parameter #2 ($hash) of type string is deprecated in C:\Users\Alex\Desktop\maternity_book\Core\Authenticator.php on line 25
[05-Jul-2023 01:54:34 UTC] PHP Warning:  Undefined property: stdClass::$password in C:\Users\Alex\Desktop\maternity_book\Core\Authenticator.php on line 25
[05-Jul-2023 01:54:34 UTC] PHP Deprecated:  password_verify(): Passing null to parameter #2 ($hash) of type string is deprecated in C:\Users\Alex\Desktop\maternity_book\Core\Authenticator.php on line 25
[05-Jul-2023 01:55:55 UTC] PHP Warning:  Undefined property: stdClass::$password in C:\Users\Alex\Desktop\maternity_book\Core\Authenticator.php on line 25
[05-Jul-2023 01:55:55 UTC] PHP Deprecated:  password_verify(): Passing null to parameter #2 ($hash) of type string is deprecated in C:\Users\Alex\Desktop\maternity_book\Core\Authenticator.php on line 25
[05-Jul-2023 07:30:05 UTC] PHP Warning:  Undefined property: stdClass::$password in C:\Users\Alex\Desktop\maternity_book\Core\Authenticator.php on line 25
[05-Jul-2023 07:30:05 UTC] PHP Deprecated:  password_verify(): Passing null to parameter #2 ($hash) of type string is deprecated in C:\Users\Alex\Desktop\maternity_book\Core\Authenticator.php on line 25
[05-Jul-2023 07:51:01 UTC] PHP Fatal error:  Uncaught Error: Class "Core\Core\App" not found in C:\Users\Alex\Desktop\maternity_book\Core\Authenticator.php:22
Stack trace:
#0 C:\Users\Alex\Desktop\maternity_book\Http\controllers\session\store.php(25): Core\Authenticator->attempt('admin@admin.fr', 'adminadmin')
#1 C:\Users\Alex\Desktop\maternity_book\Core\Router.php(129): require('C:\\Users\\Alex\\D...')
#2 C:\Users\Alex\Desktop\maternity_book\public\index.php(44): Core\Router->route('/session', 'POST')
#3 {main}
  thrown in C:\Users\Alex\Desktop\maternity_book\Core\Authenticator.php on line 22
[05-Jul-2023 08:13:32 UTC] PHP Warning:  Undefined property: stdClass::$password in C:\Users\Alex\Desktop\maternity_book\Core\Authenticator.php on line 25
[05-Jul-2023 08:13:32 UTC] PHP Deprecated:  password_verify(): Passing null to parameter #2 ($hash) of type string is deprecated in C:\Users\Alex\Desktop\maternity_book\Core\Authenticator.php on line 25
[05-Jul-2023 08:32:36 UTC] User: stdClass Object
(
    [ID_USER] => 58
    [ROLE] => admin
    [PSEUDO] => Utilisateur
    [PASSWORD] => $2y$10$l1fcYk6YRwlYFPa.LddnZOug376TXfOcTV8GmJ./S/r
    [EMAIL] => admin@admin.fr
    [PRENOM] => admin
    [NOM] => admin
    [PHOTO_PROFIL] => 
    [APPLE] => 
    [GOOGLE] => 
    [FACEBOOK] => 
    [NEWSLETTER] => 1
    [DEM_COMMERCIAL] => 1
    [ID_GROSSESSE] => 
    [ID_PARENT] => 
)

[05-Jul-2023 08:32:36 UTC] Password: adminadmin
[05-Jul-2023 08:48:44 UTC] PHP Parse error:  syntax error, unexpected variable "$array", expecting ";" in C:\Users\Alex\Desktop\maternity_book\Core\Database.php on line 116
[05-Jul-2023 08:49:20 UTC] User: stdClass Object
(
    [id_user] => 58
    [role] => admin
    [pseudo] => Utilisateur
    [password] => $2y$10$l1fcYk6YRwlYFPa.LddnZOug376TXfOcTV8GmJ./S/r
    [email] => admin@admin.fr
    [prenom] => admin
    [nom] => admin
    [photo_profil] => 
    [apple] => 
    [google] => 
    [facebook] => 
    [newsletter] => 1
    [dem_commercial] => 1
    [id_grossesse] => 
    [id_parent] => 
)

[05-Jul-2023 08:49:20 UTC] Password: adminadmin
[05-Jul-2023 08:49:49 UTC] User: stdClass Object
(
    [id_user] => 58
    [role] => admin
    [pseudo] => Utilisateur
    [password] => $2y$10$l1fcYk6YRwlYFPa.LddnZOug376TXfOcTV8GmJ./S/r
    [email] => admin@admin.fr
    [prenom] => admin
    [nom] => admin
    [photo_profil] => 
    [apple] => 
    [google] => 
    [facebook] => 
    [newsletter] => 1
    [dem_commercial] => 1
    [id_grossesse] => 
    [id_parent] => 
)

[05-Jul-2023 08:49:49 UTC] Password: adminadmin
[05-Jul-2023 09:13:08 UTC] PHP Warning:  Undefined variable $user in C:\Users\Alex\Desktop\maternity_book\Core\Authenticator.php on line 19
[05-Jul-2023 09:17:57 UTC] PHP Fatal error:  Uncaught Error: Call to a member function query() on null in C:\Users\Alex\Desktop\maternity_book\Core\Authenticator.php:22
Stack trace:
#0 C:\Users\Alex\Desktop\maternity_book\Http\controllers\session\store.php(25): Core\Authenticator->attempt('alex@alex.com', 'alexalex')
#1 C:\Users\Alex\Desktop\maternity_book\Core\Router.php(129): require('C:\\Users\\Alex\\D...')
#2 C:\Users\Alex\Desktop\maternity_book\public\index.php(44): Core\Router->route('/session', 'POST')
#3 {main}
  thrown in C:\Users\Alex\Desktop\maternity_book\Core\Authenticator.php on line 22
[05-Jul-2023 09:28:36 UTC] PHP Warning:  Undefined variable $offset in C:\Users\Alex\Desktop\maternity_book\views\blog\index.view.php on line 46
[05-Jul-2023 09:28:43 UTC] PHP Warning:  Undefined variable $offset in C:\Users\Alex\Desktop\maternity_book\views\blog\index.view.php on line 46
[05-Jul-2023 09:29:22 UTC] PHP Warning:  Undefined global variable $_SESSION in C:\Users\Alex\Desktop\maternity_book\public\index.php on line 4
[05-Jul-2023 09:29:22 UTC] PHP Warning:  Undefined global variable $_SESSION in C:\Users\Alex\Desktop\maternity_book\public\index.php on line 4
[05-Jul-2023 09:29:22 UTC] PHP Warning:  Undefined variable $offset in C:\Users\Alex\Desktop\maternity_book\views\blog\index.view.php on line 46
[05-Jul-2023 09:30:05 UTC] PHP Warning:  Undefined variable $offset in C:\Users\Alex\Desktop\maternity_book\views\blog\index.view.php on line 46
[05-Jul-2023 09:31:07 UTC] PHP Warning:  Undefined variable $offset in C:\Users\Alex\Desktop\maternity_book\views\blog\index.view.php on line 46
[05-Jul-2023 09:58:09 UTC] User: stdClass Object
(
    [id_user] => 58
    [role] => admin
    [pseudo] => Utilisateur
    [password] => $2y$10$l1fcYk6YRwlYFPa.LddnZOug376TXfOcTV8GmJ./S/r
    [email] => admin@admin.fr
    [prenom] => admin
    [nom] => admin
    [photo_profil] => 
    [apple] => 
    [google] => 
    [facebook] => 
    [newsletter] => 1
    [dem_commercial] => 1
    [id_grossesse] => 
    [id_parent] => 
)

[05-Jul-2023 09:58:09 UTC] Password: adminadmin
[05-Jul-2023 11:23:19 UTC] PHP Warning:  Undefined variable $form in C:\Users\Alex\Desktop\maternity_book\Http\controllers\session\store.php on line 20
[05-Jul-2023 11:23:19 UTC] PHP Fatal error:  Uncaught Error: Call to a member function throwException() on null in C:\Users\Alex\Desktop\maternity_book\Http\controllers\session\store.php:20
Stack trace:
#0 C:\Users\Alex\Desktop\maternity_book\Core\Router.php(129): require()
#1 C:\Users\Alex\Desktop\maternity_book\public\index.php(44): Core\Router->route('/session', 'POST')
#2 {main}
  thrown in C:\Users\Alex\Desktop\maternity_book\Http\controllers\session\store.php on line 20
[05-Jul-2023 11:24:45 UTC] PHP Fatal error:  Uncaught Error: Class "LoginForm" not found in C:\Users\Alex\Desktop\maternity_book\Http\controllers\session\store.php:4
Stack trace:
#0 C:\Users\Alex\Desktop\maternity_book\Core\Router.php(129): require()
#1 C:\Users\Alex\Desktop\maternity_book\public\index.php(44): Core\Router->route('/session', 'POST')
#2 {main}
  thrown in C:\Users\Alex\Desktop\maternity_book\Http\controllers\session\store.php on line 4
[05-Jul-2023 11:25:02 UTC] PHP Fatal error:  Uncaught TypeError: Exception::__construct(): Argument #1 ($message) must be of type string, array given in C:\Users\Alex\Desktop\maternity_book\Http\Forms\LoginForm.php:32
Stack trace:
#0 C:\Users\Alex\Desktop\maternity_book\Http\Forms\LoginForm.php(32): Exception->__construct(Array, Array)
#1 C:\Users\Alex\Desktop\maternity_book\Http\controllers\session\store.php(11): Http\Forms\LoginForm->throwException()
#2 C:\Users\Alex\Desktop\maternity_book\Core\Router.php(129): require('C:\\Users\\Alex\\D...')
#3 C:\Users\Alex\Desktop\maternity_book\public\index.php(44): Core\Router->route('/session', 'POST')
#4 {main}
  thrown in C:\Users\Alex\Desktop\maternity_book\Http\Forms\LoginForm.php on line 32
[05-Jul-2023 12:23:55 UTC] PHP Fatal error:  Uncaught TypeError: Core\Middleware\Middleware::resolve(): Argument #1 ($key) must be of type string, null given, called in C:\Users\Alex\Desktop\maternity_book\Core\Router.php on line 126 and defined in C:\Users\Alex\Desktop\maternity_book\Core\Middleware\Middleware.php:23
Stack trace:
#0 C:\Users\Alex\Desktop\maternity_book\Core\Router.php(126): Core\Middleware\Middleware::resolve(NULL)
#1 C:\Users\Alex\Desktop\maternity_book\public\index.php(44): Core\Router->route('/', 'GET')
#2 {main}
  thrown in C:\Users\Alex\Desktop\maternity_book\Core\Middleware\Middleware.php on line 23
[05-Jul-2023 12:34:32 UTC] PHP Warning:  Undefined property: stdClass::$email in C:\Users\Alex\Desktop\maternity_book\views\includes\banner.php on line 4
[05-Jul-2023 13:18:10 UTC] PHP Warning:  Undefined property: stdClass::$password in C:\Users\Alex\Desktop\maternity_book\Core\Authenticator.php on line 28
[05-Jul-2023 13:18:10 UTC] PHP Deprecated:  password_verify(): Passing null to parameter #2 ($hash) of type string is deprecated in C:\Users\Alex\Desktop\maternity_book\Core\Authenticator.php on line 28
[05-Jul-2023 13:19:22 UTC] PHP Warning:  Undefined property: stdClass::$password in C:\Users\Alex\Desktop\maternity_book\Core\Authenticator.php on line 28
[05-Jul-2023 13:19:22 UTC] PHP Deprecated:  password_verify(): Passing null to parameter #2 ($hash) of type string is deprecated in C:\Users\Alex\Desktop\maternity_book\Core\Authenticator.php on line 28
[05-Jul-2023 13:19:27 UTC] PHP Warning:  Undefined property: stdClass::$password in C:\Users\Alex\Desktop\maternity_book\Core\Authenticator.php on line 28
[05-Jul-2023 13:19:27 UTC] PHP Deprecated:  password_verify(): Passing null to parameter #2 ($hash) of type string is deprecated in C:\Users\Alex\Desktop\maternity_book\Core\Authenticator.php on line 28
[05-Jul-2023 13:19:56 UTC] PHP Warning:  Undefined property: stdClass::$email in C:\Users\Alex\Desktop\maternity_book\views\includes\banner.php on line 4
[05-Jul-2023 13:21:07 UTC] PHP Warning:  Undefined property: stdClass::$email in C:\Users\Alex\Desktop\maternity_book\views\includes\banner.php on line 4
[05-Jul-2023 16:02:19 UTC] PHP Warning:  Undefined property: stdClass::$password in C:\Users\Alex\Desktop\maternity_book\Core\Authenticator.php on line 26
[05-Jul-2023 16:02:19 UTC] PHP Deprecated:  password_verify(): Passing null to parameter #2 ($hash) of type string is deprecated in C:\Users\Alex\Desktop\maternity_book\Core\Authenticator.php on line 26
[05-Jul-2023 16:04:46 UTC] PHP Fatal error:  Uncaught Error: Call to undefined function login() in C:\Users\Alex\Desktop\maternity_book\Http\controllers\inscription\store.php:93
Stack trace:
#0 C:\Users\Alex\Desktop\maternity_book\Core\Router.php(92): require()
#1 C:\Users\Alex\Desktop\maternity_book\public\index.php(44): Core\Router->route('/register', 'POST')
#2 {main}
  thrown in C:\Users\Alex\Desktop\maternity_book\Http\controllers\inscription\store.php on line 93
[05-Jul-2023 16:26:54 UTC] PHP Parse error:  Unmatched '}' in C:\Users\Alex\Desktop\maternity_book\Http\controllers\inscription\store.php on line 92
[05-Jul-2023 16:27:12 UTC] PHP Warning:  Undefined property: stdClass::$email in C:\Users\Alex\Desktop\maternity_book\Core\Authenticator.php on line 47
[05-Jul-2023 16:27:12 UTC] PHP Warning:  Undefined property: stdClass::$role in C:\Users\Alex\Desktop\maternity_book\Core\Authenticator.php on line 48
[05-Jul-2023 16:27:12 UTC] PHP Warning:  Undefined property: stdClass::$id_user in C:\Users\Alex\Desktop\maternity_book\Core\Authenticator.php on line 49
[05-Jul-2023 16:27:12 UTC] PHP Warning:  Attempt to read property "email" on array in C:\Users\Alex\Desktop\maternity_book\views\includes\banner.php on line 4
[05-Jul-2023 16:34:27 UTC] PHP Warning:  Undefined property: stdClass::$password in C:\Users\Alex\Desktop\maternity_book\Core\Authenticator.php on line 26
[05-Jul-2023 16:34:27 UTC] PHP Deprecated:  password_verify(): Passing null to parameter #2 ($hash) of type string is deprecated in C:\Users\Alex\Desktop\maternity_book\Core\Authenticator.php on line 26
[05-Jul-2023 16:35:34 UTC] PHP Warning:  Undefined property: stdClass::$email in C:\Users\Alex\Desktop\maternity_book\Core\Authenticator.php on line 47
[05-Jul-2023 16:35:34 UTC] PHP Warning:  Undefined property: stdClass::$role in C:\Users\Alex\Desktop\maternity_book\Core\Authenticator.php on line 48
[05-Jul-2023 16:35:34 UTC] PHP Warning:  Undefined property: stdClass::$id_user in C:\Users\Alex\Desktop\maternity_book\Core\Authenticator.php on line 49
[05-Jul-2023 17:13:09 UTC] PHP Warning:  Undefined property: stdClass::$email in C:\Users\Alex\Desktop\maternity_book\Core\Authenticator.php on line 47
[05-Jul-2023 17:13:09 UTC] PHP Warning:  Undefined property: stdClass::$role in C:\Users\Alex\Desktop\maternity_book\Core\Authenticator.php on line 48
[05-Jul-2023 17:13:09 UTC] PHP Warning:  Undefined property: stdClass::$id_user in C:\Users\Alex\Desktop\maternity_book\Core\Authenticator.php on line 49
[05-Jul-2023 19:14:34 UTC] PHP Warning:  Undefined property: stdClass::$email in C:\Users\Alex\Desktop\maternity_book\Core\Authenticator.php on line 47
[05-Jul-2023 19:14:34 UTC] PHP Warning:  Undefined property: stdClass::$role in C:\Users\Alex\Desktop\maternity_book\Core\Authenticator.php on line 48
[05-Jul-2023 19:14:34 UTC] PHP Warning:  Undefined property: stdClass::$id_user in C:\Users\Alex\Desktop\maternity_book\Core\Authenticator.php on line 49
[05-Jul-2023 19:42:22 UTC] PHP Fatal error:  Uncaught Error: Call to undefined method Core\Database::fetch_obj() in C:\Users\Alex\Desktop\maternity_book\Core\Authenticator.php:23
Stack trace:
#0 C:\Users\Alex\Desktop\maternity_book\Http\controllers\session\store.php(24): Core\Authenticator->attempt('aze@aze.com', 'azertyuiop')
#1 C:\Users\Alex\Desktop\maternity_book\Core\Router.php(92): require('C:\\Users\\Alex\\D...')
#2 C:\Users\Alex\Desktop\maternity_book\public\index.php(49): Core\Router->route('/session', 'POST')
#3 {main}
  thrown in C:\Users\Alex\Desktop\maternity_book\Core\Authenticator.php on line 23
[06-Jul-2023 08:18:22 UTC] PHP Fatal error:  Uncaught Error: Call to undefined method Core\Database::fetch_obj() in C:\Users\Alex\Desktop\maternity_book\Core\Authenticator.php:23
Stack trace:
#0 C:\Users\Alex\Desktop\maternity_book\Http\controllers\session\store.php(24): Core\Authenticator->attempt('aze@aze.com', 'azertyuiop')
#1 C:\Users\Alex\Desktop\maternity_book\Core\Router.php(92): require('C:\\Users\\Alex\\D...')
#2 C:\Users\Alex\Desktop\maternity_book\public\index.php(49): Core\Router->route('/session', 'POST')
#3 {main}
  thrown in C:\Users\Alex\Desktop\maternity_book\Core\Authenticator.php on line 23
[06-Jul-2023 08:19:01 UTC] PHP Warning:  Undefined property: stdClass::$email in C:\Users\Alex\Desktop\maternity_book\Core\Authenticator.php on line 45
[06-Jul-2023 08:19:01 UTC] PHP Warning:  Undefined property: stdClass::$role in C:\Users\Alex\Desktop\maternity_book\Core\Authenticator.php on line 46
[06-Jul-2023 08:19:01 UTC] PHP Warning:  Undefined property: stdClass::$id_user in C:\Users\Alex\Desktop\maternity_book\Core\Authenticator.php on line 47
[06-Jul-2023 08:46:29 UTC] PHP Fatal error:  Uncaught Error: Cannot use object of type stdClass as array in C:\Users\Alex\Desktop\maternity_book\views\includes\banner.php:4
Stack trace:
#0 C:\Users\Alex\Desktop\maternity_book\views\index.view.php(2): require()
#1 C:\Users\Alex\Desktop\maternity_book\Core\functions.php(73): require('C:\\Users\\Alex\\D...')
#2 C:\Users\Alex\Desktop\maternity_book\Http\controllers\index.php(3): view('index.view.php')
#3 C:\Users\Alex\Desktop\maternity_book\Core\Router.php(92): require('C:\\Users\\Alex\\D...')
#4 C:\Users\Alex\Desktop\maternity_book\public\index.php(49): Core\Router->route('/', 'GET')
#5 {main}
  thrown in C:\Users\Alex\Desktop\maternity_book\views\includes\banner.php on line 4
[06-Jul-2023 08:48:45 UTC] PHP Warning:  Undefined property: stdClass::$email in C:\Users\Alex\Desktop\maternity_book\views\includes\banner.php on line 4
[06-Jul-2023 08:50:41 UTC] PHP Fatal error:  Uncaught Error: Call to undefined method Core\Database::fetch_obj() in C:\Users\Alex\Desktop\maternity_book\Core\Authenticator.php:23
Stack trace:
#0 C:\Users\Alex\Desktop\maternity_book\Http\controllers\session\store.php(24): Core\Authenticator->attempt('aze@aze.com', 'azertyuiop')
#1 C:\Users\Alex\Desktop\maternity_book\Core\Router.php(92): require('C:\\Users\\Alex\\D...')
#2 C:\Users\Alex\Desktop\maternity_book\public\index.php(49): Core\Router->route('/session', 'POST')
#3 {main}
  thrown in C:\Users\Alex\Desktop\maternity_book\Core\Authenticator.php on line 23
[06-Jul-2023 09:09:59 UTC] PHP Warning:  require(C:\Users\Alex\Desktop\maternity_book\public/../views/inscription/create): Failed to open stream: No such file or directory in C:\Users\Alex\Desktop\maternity_book\Core\functions.php on line 73
[06-Jul-2023 09:09:59 UTC] PHP Fatal error:  Uncaught Error: Failed opening required 'C:\Users\Alex\Desktop\maternity_book\public/../views/inscription/create' (include_path='.;C:\Windows\system32\pear') in C:\Users\Alex\Desktop\maternity_book\Core\functions.php:73
Stack trace:
#0 C:\Users\Alex\Desktop\maternity_book\Http\controllers\inscription\store.php(59): view('inscription/cre...')
#1 C:\Users\Alex\Desktop\maternity_book\Core\Router.php(92): require('C:\\Users\\Alex\\D...')
#2 C:\Users\Alex\Desktop\maternity_book\public\index.php(49): Core\Router->route('/register', 'POST')
#3 {main}
  thrown in C:\Users\Alex\Desktop\maternity_book\Core\functions.php on line 73
[06-Jul-2023 11:18:42 UTC] PHP Warning:  include(views/inscription/create.view.php): Failed to open stream: No such file or directory in C:\Users\Alex\Desktop\maternity_book\Http\controllers\inscription\create.php on line 11
[06-Jul-2023 11:18:42 UTC] PHP Warning:  include(): Failed opening 'views/inscription/create.view.php' for inclusion (include_path='.;C:\Windows\system32\pear') in C:\Users\Alex\Desktop\maternity_book\Http\controllers\inscription\create.php on line 11
[06-Jul-2023 11:20:58 UTC] PHP Warning:  include(C:\Users\Alex\Desktop\maternity_book\public/../inscription/create.view.php): Failed to open stream: No such file or directory in C:\Users\Alex\Desktop\maternity_book\Http\controllers\inscription\create.php on line 11
[06-Jul-2023 11:20:58 UTC] PHP Warning:  include(): Failed opening 'C:\Users\Alex\Desktop\maternity_book\public/../inscription/create.view.php' for inclusion (include_path='.;C:\Windows\system32\pear') in C:\Users\Alex\Desktop\maternity_book\Http\controllers\inscription\create.php on line 11
[06-Jul-2023 11:28:02 UTC] PHP Warning:  include(C:\Users\Alex\Desktop\maternity_book\public/..//inscription/create.view.php): Failed to open stream: No such file or directory in C:\Users\Alex\Desktop\maternity_book\Http\controllers\inscription\create.php on line 11
[06-Jul-2023 11:28:02 UTC] PHP Warning:  include(): Failed opening 'C:\Users\Alex\Desktop\maternity_book\public/..//inscription/create.view.php' for inclusion (include_path='.;C:\Windows\system32\pear') in C:\Users\Alex\Desktop\maternity_book\Http\controllers\inscription\create.php on line 11
[06-Jul-2023 11:28:47 UTC] PHP Warning:  include(C:\Users\Alex\Desktop\maternity_book\public/..//inscription/create.view.php): Failed to open stream: No such file or directory in C:\Users\Alex\Desktop\maternity_book\Http\controllers\inscription\create.php on line 11
[06-Jul-2023 11:28:47 UTC] PHP Warning:  include(): Failed opening 'C:\Users\Alex\Desktop\maternity_book\public/..//inscription/create.view.php' for inclusion (include_path='.;C:\Windows\system32\pear') in C:\Users\Alex\Desktop\maternity_book\Http\controllers\inscription\create.php on line 11
[06-Jul-2023 11:29:04 UTC] PHP Warning:  include(C:\Users\Alex\Desktop\maternity_book\public/..//inscription/create.view.php): Failed to open stream: No such file or directory in C:\Users\Alex\Desktop\maternity_book\Http\controllers\inscription\create.php on line 11
[06-Jul-2023 11:29:04 UTC] PHP Warning:  include(): Failed opening 'C:\Users\Alex\Desktop\maternity_book\public/..//inscription/create.view.php' for inclusion (include_path='.;C:\Windows\system32\pear') in C:\Users\Alex\Desktop\maternity_book\Http\controllers\inscription\create.php on line 11
[06-Jul-2023 11:29:33 UTC] PHP Fatal error:  Uncaught ValueError: Path cannot be empty in C:\Users\Alex\Desktop\maternity_book\Http\controllers\inscription\create.php:11
Stack trace:
#0 C:\Users\Alex\Desktop\maternity_book\Core\Router.php(92): require()
#1 C:\Users\Alex\Desktop\maternity_book\public\index.php(49): Core\Router->route('/register', 'GET')
#2 {main}
  thrown in C:\Users\Alex\Desktop\maternity_book\Http\controllers\inscription\create.php on line 11
[06-Jul-2023 11:32:16 UTC] PHP Fatal error:  Uncaught ValueError: Path cannot be empty in C:\Users\Alex\Desktop\maternity_book\Http\controllers\inscription\create.php:11
Stack trace:
#0 C:\Users\Alex\Desktop\maternity_book\Core\Router.php(92): require()
#1 C:\Users\Alex\Desktop\maternity_book\public\index.php(49): Core\Router->route('/register', 'GET')
#2 {main}
  thrown in C:\Users\Alex\Desktop\maternity_book\Http\controllers\inscription\create.php on line 11
[06-Jul-2023 12:15:12 UTC] PHP Warning:  Undefined property: stdClass::$password in C:\Users\Alex\Desktop\maternity_book\Core\Authenticator.php on line 26
[06-Jul-2023 12:15:12 UTC] PHP Deprecated:  password_verify(): Passing null to parameter #2 ($hash) of type string is deprecated in C:\Users\Alex\Desktop\maternity_book\Core\Authenticator.php on line 26
[06-Jul-2023 12:24:41 UTC] PHP Warning:  Undefined property: stdClass::$password in C:\Users\Alex\Desktop\maternity_book\Core\Authenticator.php on line 26
[06-Jul-2023 12:24:41 UTC] PHP Deprecated:  password_verify(): Passing null to parameter #2 ($hash) of type string is deprecated in C:\Users\Alex\Desktop\maternity_book\Core\Authenticator.php on line 26
[06-Jul-2023 13:15:49 UTC] PHP Warning:  Undefined array key "email" in C:\Users\Alex\Desktop\maternity_book\Http\controllers\inscription\store.php on line 38
[06-Jul-2023 13:15:49 UTC] PHP Warning:  Undefined array key "password_confirm" in C:\Users\Alex\Desktop\maternity_book\Http\controllers\inscription\store.php on line 40
[06-Jul-2023 13:15:49 UTC] PHP Fatal error:  Uncaught TypeError: Core\Validator::email(): Argument #1 ($value) must be of type string, null given, called in C:\Users\Alex\Desktop\maternity_book\Http\controllers\inscription\store.php on line 45 and defined in C:\Users\Alex\Desktop\maternity_book\Core\Validator.php:33
Stack trace:
#0 C:\Users\Alex\Desktop\maternity_book\Http\controllers\inscription\store.php(45): Core\Validator::email(NULL)
#1 C:\Users\Alex\Desktop\maternity_book\Core\Router.php(92): require('C:\\Users\\Alex\\D...')
#2 C:\Users\Alex\Desktop\maternity_book\public\index.php(49): Core\Router->route('/register', 'POST')
#3 {main}
  thrown in C:\Users\Alex\Desktop\maternity_book\Core\Validator.php on line 33
[06-Jul-2023 13:20:18 UTC] PHP Warning:  Undefined array key "email" in C:\Users\Alex\Desktop\maternity_book\Http\controllers\inscription\store.php on line 38
[06-Jul-2023 13:20:18 UTC] PHP Warning:  Undefined array key "password_confirm" in C:\Users\Alex\Desktop\maternity_book\Http\controllers\inscription\store.php on line 40
[06-Jul-2023 13:20:18 UTC] PHP Fatal error:  Uncaught TypeError: Core\Validator::email(): Argument #1 ($value) must be of type string, null given, called in C:\Users\Alex\Desktop\maternity_book\Http\controllers\inscription\store.php on line 45 and defined in C:\Users\Alex\Desktop\maternity_book\Core\Validator.php:33
Stack trace:
#0 C:\Users\Alex\Desktop\maternity_book\Http\controllers\inscription\store.php(45): Core\Validator::email(NULL)
#1 C:\Users\Alex\Desktop\maternity_book\Core\Router.php(92): require('C:\\Users\\Alex\\D...')
#2 C:\Users\Alex\Desktop\maternity_book\public\index.php(49): Core\Router->route('/register', 'POST')
#3 {main}
  thrown in C:\Users\Alex\Desktop\maternity_book\Core\Validator.php on line 33
[06-Jul-2023 13:23:55 UTC] PHP Warning:  Undefined array key "email" in C:\Users\Alex\Desktop\maternity_book\Http\controllers\inscription\store.php on line 38
[06-Jul-2023 13:23:55 UTC] PHP Warning:  Undefined array key "password_confirm" in C:\Users\Alex\Desktop\maternity_book\Http\controllers\inscription\store.php on line 40
[06-Jul-2023 13:23:55 UTC] PHP Fatal error:  Uncaught TypeError: Core\Validator::email(): Argument #1 ($value) must be of type string, null given, called in C:\Users\Alex\Desktop\maternity_book\Http\controllers\inscription\store.php on line 45 and defined in C:\Users\Alex\Desktop\maternity_book\Core\Validator.php:33
Stack trace:
#0 C:\Users\Alex\Desktop\maternity_book\Http\controllers\inscription\store.php(45): Core\Validator::email(NULL)
#1 C:\Users\Alex\Desktop\maternity_book\Core\Router.php(92): require('C:\\Users\\Alex\\D...')
#2 C:\Users\Alex\Desktop\maternity_book\public\index.php(49): Core\Router->route('/register', 'POST')
#3 {main}
  thrown in C:\Users\Alex\Desktop\maternity_book\Core\Validator.php on line 33
[06-Jul-2023 13:39:29 UTC] PHP Warning:  Undefined array key "email" in C:\Users\Alex\Desktop\maternity_book\Http\controllers\inscription\store.php on line 38
[06-Jul-2023 13:39:29 UTC] PHP Warning:  Undefined array key "password_confirm" in C:\Users\Alex\Desktop\maternity_book\Http\controllers\inscription\store.php on line 40
[06-Jul-2023 13:46:37 UTC] PHP Warning:  Undefined array key "email" in C:\Users\Alex\Desktop\maternity_book\Http\controllers\inscription\store.php on line 38
[06-Jul-2023 13:46:37 UTC] PHP Warning:  Undefined array key "password_confirm" in C:\Users\Alex\Desktop\maternity_book\Http\controllers\inscription\store.php on line 40
[06-Jul-2023 13:46:46 UTC] PHP Warning:  Undefined array key "email" in C:\Users\Alex\Desktop\maternity_book\Http\controllers\inscription\store.php on line 38
[06-Jul-2023 13:46:46 UTC] PHP Warning:  Undefined array key "password_confirm" in C:\Users\Alex\Desktop\maternity_book\Http\controllers\inscription\store.php on line 40
[06-Jul-2023 13:46:53 UTC] PHP Warning:  Undefined array key "email" in C:\Users\Alex\Desktop\maternity_book\Http\controllers\inscription\store.php on line 38
[06-Jul-2023 13:46:53 UTC] PHP Warning:  Undefined array key "password_confirm" in C:\Users\Alex\Desktop\maternity_book\Http\controllers\inscription\store.php on line 40
[06-Jul-2023 13:46:59 UTC] PHP Warning:  Undefined array key "csrf_token" in C:\Users\Alex\Desktop\maternity_book\views\includes\header.php on line 67
[06-Jul-2023 13:55:11 UTC] PHP Warning:  Undefined array key "csrf_token" in C:\Users\Alex\Desktop\maternity_book\views\includes\header.php on line 67
[06-Jul-2023 16:23:45 UTC] PHP Fatal error:  Uncaught TypeError: Exception::__construct(): Argument #1 ($message) must be of type string, array given in C:\Users\Alex\Desktop\maternity_book\Http\controllers\session\store.php:10
Stack trace:
#0 C:\Users\Alex\Desktop\maternity_book\Http\controllers\session\store.php(10): Exception->__construct(Array, Array)
#1 C:\Users\Alex\Desktop\maternity_book\Core\Router.php(92): require('C:\\Users\\Alex\\D...')
#2 C:\Users\Alex\Desktop\maternity_book\public\index.php(49): Core\Router->route('/session', 'POST')
#3 {main}
  thrown in C:\Users\Alex\Desktop\maternity_book\Http\controllers\session\store.php on line 10
[06-Jul-2023 21:17:56 UTC] PHP Warning:  Undefined array key "csrf_token" in C:\Users\Alex\Desktop\maternity_book\views\inscription\create.view.php on line 7
[06-Jul-2023 21:22:57 UTC] PHP Warning:  Undefined property: stdClass::$password in C:\Users\Alex\Desktop\maternity_book\Core\Authenticator.php on line 26
[06-Jul-2023 21:22:57 UTC] PHP Deprecated:  password_verify(): Passing null to parameter #2 ($hash) of type string is deprecated in C:\Users\Alex\Desktop\maternity_book\Core\Authenticator.php on line 26
[06-Jul-2023 21:22:57 UTC] PHP Fatal error:  Uncaught TypeError: Exception::__construct(): Argument #1 ($message) must be of type string, array given in C:\Users\Alex\Desktop\maternity_book\Http\controllers\session\store.php:14
Stack trace:
#0 C:\Users\Alex\Desktop\maternity_book\Http\controllers\session\store.php(14): Exception->__construct(Array, Array)
#1 C:\Users\Alex\Desktop\maternity_book\Core\Router.php(92): require('C:\\Users\\Alex\\D...')
#2 C:\Users\Alex\Desktop\maternity_book\public\index.php(49): Core\Router->route('/session', 'POST')
#3 {main}
  thrown in C:\Users\Alex\Desktop\maternity_book\Http\controllers\session\store.php on line 14
[06-Jul-2023 21:28:23 UTC] PHP Warning:  Undefined array key "csrf_token" in C:\Users\Alex\Desktop\maternity_book\views\inscription\create.view.php on line 7
[06-Jul-2023 21:37:29 UTC] PHP Warning:  Undefined array key "csrf_token" in C:\Users\Alex\Desktop\maternity_book\views\inscription\create.view.php on line 7
[06-Jul-2023 21:53:32 UTC] PHP Warning:  Undefined array key "csrf_token" in C:\Users\Alex\Desktop\maternity_book\views\inscription\create.view.php on line 7
[06-Jul-2023 22:56:14 UTC] PHP Warning:  Undefined array key "user" in C:\Users\Alex\Desktop\maternity_book\Core\Middleware\Auth.php on line 16
[06-Jul-2023 22:56:15 UTC] PHP Warning:  Undefined array key "user" in C:\Users\Alex\Desktop\maternity_book\Core\Middleware\Auth.php on line 16
[06-Jul-2023 22:56:15 UTC] PHP Warning:  Undefined array key "user" in C:\Users\Alex\Desktop\maternity_book\Core\Middleware\Auth.php on line 16
[06-Jul-2023 22:56:15 UTC] PHP Warning:  Undefined array key "user" in C:\Users\Alex\Desktop\maternity_book\Core\Middleware\Auth.php on line 16
[06-Jul-2023 22:56:24 UTC] PHP Warning:  Undefined array key "user" in C:\Users\Alex\Desktop\maternity_book\Core\Middleware\Auth.php on line 16
[06-Jul-2023 23:16:04 UTC] PHP Warning:  Undefined property: stdClass::$password in C:\Users\Alex\Desktop\maternity_book\Core\Authenticator.php on line 26
[06-Jul-2023 23:16:04 UTC] PHP Deprecated:  password_verify(): Passing null to parameter #2 ($hash) of type string is deprecated in C:\Users\Alex\Desktop\maternity_book\Core\Authenticator.php on line 26
[06-Jul-2023 23:16:04 UTC] PHP Fatal error:  Uncaught TypeError: Exception::__construct(): Argument #1 ($message) must be of type string, array given in C:\Users\Alex\Desktop\maternity_book\Http\controllers\session\store.php:14
Stack trace:
#0 C:\Users\Alex\Desktop\maternity_book\Http\controllers\session\store.php(14): Exception->__construct(Array, Array)
#1 C:\Users\Alex\Desktop\maternity_book\Core\Router.php(92): require('C:\\Users\\Alex\\D...')
#2 C:\Users\Alex\Desktop\maternity_book\public\index.php(49): Core\Router->route('/session', 'POST')
#3 {main}
  thrown in C:\Users\Alex\Desktop\maternity_book\Http\controllers\session\store.php on line 14
[06-Jul-2023 23:32:12 UTC] PHP Warning:  Undefined property: stdClass::$password in C:\Users\Alex\Desktop\maternity_book\Core\Authenticator.php on line 25
[06-Jul-2023 23:32:12 UTC] PHP Deprecated:  password_verify(): Passing null to parameter #2 ($hash) of type string is deprecated in C:\Users\Alex\Desktop\maternity_book\Core\Authenticator.php on line 25
[06-Jul-2023 23:32:12 UTC] PHP Fatal error:  Uncaught TypeError: Exception::__construct(): Argument #1 ($message) must be of type string, array given in C:\Users\Alex\Desktop\maternity_book\Http\controllers\session\store.php:14
Stack trace:
#0 C:\Users\Alex\Desktop\maternity_book\Http\controllers\session\store.php(14): Exception->__construct(Array, Array)
#1 C:\Users\Alex\Desktop\maternity_book\Core\Router.php(92): require('C:\\Users\\Alex\\D...')
#2 C:\Users\Alex\Desktop\maternity_book\public\index.php(49): Core\Router->route('/session', 'POST')
#3 {main}
  thrown in C:\Users\Alex\Desktop\maternity_book\Http\controllers\session\store.php on line 14
[06-Jul-2023 23:43:58 UTC] PHP Fatal error:  Uncaught TypeError: Exception::__construct(): Argument #1 ($message) must be of type string, array given in C:\Users\Alex\Desktop\maternity_book\Http\controllers\session\store.php:14
Stack trace:
#0 C:\Users\Alex\Desktop\maternity_book\Http\controllers\session\store.php(14): Exception->__construct(Array, Array)
#1 C:\Users\Alex\Desktop\maternity_book\Core\Router.php(92): require('C:\\Users\\Alex\\D...')
#2 C:\Users\Alex\Desktop\maternity_book\public\index.php(49): Core\Router->route('/session', 'POST')
#3 {main}
  thrown in C:\Users\Alex\Desktop\maternity_book\Http\controllers\session\store.php on line 14
[06-Jul-2023 23:51:22 UTC] PHP Fatal error:  Uncaught TypeError: Exception::__construct(): Argument #1 ($message) must be of type string, array given in C:\Users\Alex\Desktop\maternity_book\Http\controllers\session\store.php:14
Stack trace:
#0 C:\Users\Alex\Desktop\maternity_book\Http\controllers\session\store.php(14): Exception->__construct(Array, Array)
#1 C:\Users\Alex\Desktop\maternity_book\Core\Router.php(92): require('C:\\Users\\Alex\\D...')
#2 C:\Users\Alex\Desktop\maternity_book\public\index.php(49): Core\Router->route('/session', 'POST')
#3 {main}
  thrown in C:\Users\Alex\Desktop\maternity_book\Http\controllers\session\store.php on line 14
[06-Jul-2023 23:52:20 UTC] PHP Fatal error:  Uncaught TypeError: Exception::__construct(): Argument #1 ($message) must be of type string, array given in C:\Users\Alex\Desktop\maternity_book\Http\controllers\session\store.php:14
Stack trace:
#0 C:\Users\Alex\Desktop\maternity_book\Http\controllers\session\store.php(14): Exception->__construct(Array, Array)
#1 C:\Users\Alex\Desktop\maternity_book\Core\Router.php(92): require('C:\\Users\\Alex\\D...')
#2 C:\Users\Alex\Desktop\maternity_book\public\index.php(49): Core\Router->route('/session', 'POST')
#3 {main}
  thrown in C:\Users\Alex\Desktop\maternity_book\Http\controllers\session\store.php on line 14
[06-Jul-2023 23:52:34 UTC] PHP Fatal error:  Uncaught TypeError: Exception::__construct(): Argument #1 ($message) must be of type string, array given in C:\Users\Alex\Desktop\maternity_book\Http\controllers\session\store.php:14
Stack trace:
#0 C:\Users\Alex\Desktop\maternity_book\Http\controllers\session\store.php(14): Exception->__construct(Array, Array)
#1 C:\Users\Alex\Desktop\maternity_book\Core\Router.php(92): require('C:\\Users\\Alex\\D...')
#2 C:\Users\Alex\Desktop\maternity_book\public\index.php(49): Core\Router->route('/session', 'POST')
#3 {main}
  thrown in C:\Users\Alex\Desktop\maternity_book\Http\controllers\session\store.php on line 14
[06-Jul-2023 23:56:21 UTC] PHP Fatal error:  Uncaught TypeError: Exception::__construct(): Argument #1 ($message) must be of type string, array given in C:\Users\Alex\Desktop\maternity_book\Http\controllers\session\store.php:14
Stack trace:
#0 C:\Users\Alex\Desktop\maternity_book\Http\controllers\session\store.php(14): Exception->__construct(Array, Array)
#1 C:\Users\Alex\Desktop\maternity_book\Core\Router.php(92): require('C:\\Users\\Alex\\D...')
#2 C:\Users\Alex\Desktop\maternity_book\public\index.php(49): Core\Router->route('/session', 'POST')
#3 {main}
  thrown in C:\Users\Alex\Desktop\maternity_book\Http\controllers\session\store.php on line 14
[06-Jul-2023 23:59:25 UTC] PHP Fatal error:  Uncaught TypeError: Core\ValidationException::__construct(): Argument #1 ($errors) must be of type array, string given, called in C:\Users\Alex\Desktop\maternity_book\Http\controllers\session\store.php on line 30 and defined in C:\Users\Alex\Desktop\maternity_book\Core\ValidationException.php:22
Stack trace:
#0 C:\Users\Alex\Desktop\maternity_book\Http\controllers\session\store.php(30): Core\ValidationException->__construct('Invalid passwor...', Array)
#1 C:\Users\Alex\Desktop\maternity_book\Core\Router.php(92): require('C:\\Users\\Alex\\D...')
#2 C:\Users\Alex\Desktop\maternity_book\public\index.php(49): Core\Router->route('/session', 'POST')
#3 {main}
  thrown in C:\Users\Alex\Desktop\maternity_book\Core\ValidationException.php on line 22
[07-Jul-2023 00:00:27 UTC] PHP Fatal error:  Uncaught Error: Cannot access protected property Core\ValidationException::$errors in C:\Users\Alex\Desktop\maternity_book\public\index.php:55
Stack trace:
#0 {main}
  thrown in C:\Users\Alex\Desktop\maternity_book\public\index.php on line 55
[07-Jul-2023 00:01:49 UTC] PHP Fatal error:  Uncaught Error: Cannot access protected property Core\ValidationException::$errors in C:\Users\Alex\Desktop\maternity_book\public\index.php:55
Stack trace:
#0 {main}
  thrown in C:\Users\Alex\Desktop\maternity_book\public\index.php on line 55
[07-Jul-2023 00:02:15 UTC] PHP Fatal error:  Uncaught Error: Cannot access protected property Core\ValidationException::$errors in C:\Users\Alex\Desktop\maternity_book\public\index.php:55
Stack trace:
#0 {main}
  thrown in C:\Users\Alex\Desktop\maternity_book\public\index.php on line 55
[07-Jul-2023 00:02:28 UTC] PHP Fatal error:  Uncaught Error: Cannot access protected property Core\ValidationException::$errors in C:\Users\Alex\Desktop\maternity_book\public\index.php:55
Stack trace:
#0 {main}
  thrown in C:\Users\Alex\Desktop\maternity_book\public\index.php on line 55
[07-Jul-2023 00:05:36 UTC] PHP Fatal error:  Uncaught Error: Cannot access protected property Core\ValidationException::$errors in C:\Users\Alex\Desktop\maternity_book\public\index.php:55
Stack trace:
#0 {main}
  thrown in C:\Users\Alex\Desktop\maternity_book\public\index.php on line 55
[07-Jul-2023 00:12:39 UTC] PHP Fatal error:  Uncaught TypeError: Exception::__construct(): Argument #1 ($message) must be of type string, array given in C:\Users\Alex\Desktop\maternity_book\Http\controllers\session\store.php:14
Stack trace:
#0 C:\Users\Alex\Desktop\maternity_book\Http\controllers\session\store.php(14): Exception->__construct(Array, Array)
#1 C:\Users\Alex\Desktop\maternity_book\Core\Router.php(92): require('C:\\Users\\Alex\\D...')
#2 C:\Users\Alex\Desktop\maternity_book\public\index.php(49): Core\Router->route('/session', 'POST')
#3 {main}
  thrown in C:\Users\Alex\Desktop\maternity_book\Http\controllers\session\store.php on line 14
[07-Jul-2023 00:15:34 UTC] PHP Fatal error:  Uncaught Error: Call to undefined method Core\ValidationException::getErrorsArray() in C:\Users\Alex\Desktop\maternity_book\Http\controllers\session\store.php:29
Stack trace:
#0 C:\Users\Alex\Desktop\maternity_book\Core\Router.php(92): require()
#1 C:\Users\Alex\Desktop\maternity_book\public\index.php(49): Core\Router->route('/session', 'POST')
#2 {main}
  thrown in C:\Users\Alex\Desktop\maternity_book\Http\controllers\session\store.php on line 29
[07-Jul-2023 00:16:46 UTC] PHP Fatal error:  Uncaught Error: Call to undefined method Core\ValidationException::getOld() in C:\Users\Alex\Desktop\maternity_book\Http\controllers\session\store.php:31
Stack trace:
#0 C:\Users\Alex\Desktop\maternity_book\Core\Router.php(92): require()
#1 C:\Users\Alex\Desktop\maternity_book\public\index.php(49): Core\Router->route('/session', 'POST')
#2 {main}
  thrown in C:\Users\Alex\Desktop\maternity_book\Http\controllers\session\store.php on line 31
[07-Jul-2023 00:28:38 UTC] PHP Fatal error:  Uncaught Error: Class "Core\ValidationException" not found in C:\Users\Alex\Desktop\maternity_book\Http\controllers\session\store.php:14
Stack trace:
#0 C:\Users\Alex\Desktop\maternity_book\Core\Router.php(92): require()
#1 C:\Users\Alex\Desktop\maternity_book\public\index.php(49): Core\Router->route('/session', 'POST')
#2 {main}
  thrown in C:\Users\Alex\Desktop\maternity_book\Http\controllers\session\store.php on line 14
[07-Jul-2023 00:30:26 UTC] PHP Fatal error:  Uncaught Error: Class "Core\ValidationException" not found in C:\Users\Alex\Desktop\maternity_book\Http\controllers\session\store.php:14
Stack trace:
#0 C:\Users\Alex\Desktop\maternity_book\Core\Router.php(92): require()
#1 C:\Users\Alex\Desktop\maternity_book\public\index.php(49): Core\Router->route('/session', 'POST')
#2 {main}
  thrown in C:\Users\Alex\Desktop\maternity_book\Http\controllers\session\store.php on line 14
[07-Jul-2023 00:30:38 UTC] PHP Fatal error:  Uncaught Error: Class "Core\ValidationException" not found in C:\Users\Alex\Desktop\maternity_book\Http\controllers\session\store.php:14
Stack trace:
#0 C:\Users\Alex\Desktop\maternity_book\Core\Router.php(92): require()
#1 C:\Users\Alex\Desktop\maternity_book\public\index.php(49): Core\Router->route('/session', 'POST')
#2 {main}
  thrown in C:\Users\Alex\Desktop\maternity_book\Http\controllers\session\store.php on line 14
[07-Jul-2023 07:19:28 UTC] PHP Warning:  Undefined variable $offset in C:\Users\Alex\Desktop\maternity_book\views\forum\index.view.php on line 58
[07-Jul-2023 07:19:32 UTC] PHP Warning:  Undefined array key "user" in C:\Users\Alex\Desktop\maternity_book\Core\Middleware\Auth.php on line 16
[07-Jul-2023 07:19:32 UTC] PHP Warning:  Undefined array key "user" in C:\Users\Alex\Desktop\maternity_book\Core\Middleware\Auth.php on line 16
[07-Jul-2023 07:19:33 UTC] PHP Warning:  Undefined array key "user" in C:\Users\Alex\Desktop\maternity_book\Core\Middleware\Auth.php on line 16
[07-Jul-2023 07:19:33 UTC] PHP Warning:  Undefined array key "user" in C:\Users\Alex\Desktop\maternity_book\Core\Middleware\Auth.php on line 16
[07-Jul-2023 07:19:37 UTC] PHP Warning:  Undefined array key "user" in C:\Users\Alex\Desktop\maternity_book\Core\Middleware\Auth.php on line 16
[07-Jul-2023 07:19:37 UTC] PHP Warning:  Undefined array key "user" in C:\Users\Alex\Desktop\maternity_book\Core\Middleware\Auth.php on line 16
[07-Jul-2023 07:22:47 UTC] PHP Fatal error:  Uncaught TypeError: Exception::__construct(): Argument #1 ($message) must be of type string, array given in C:\Users\Alex\Desktop\maternity_book\Http\controllers\session\store.php:14
Stack trace:
#0 C:\Users\Alex\Desktop\maternity_book\Http\controllers\session\store.php(14): Exception->__construct(Array, Array)
#1 C:\Users\Alex\Desktop\maternity_book\Core\Router.php(92): require('C:\\Users\\Alex\\D...')
#2 C:\Users\Alex\Desktop\maternity_book\public\index.php(49): Core\Router->route('/session', 'POST')
#3 {main}
  thrown in C:\Users\Alex\Desktop\maternity_book\Http\controllers\session\store.php on line 14
[07-Jul-2023 07:22:59 UTC] PHP Fatal error:  Uncaught TypeError: Exception::__construct(): Argument #1 ($message) must be of type string, array given in C:\Users\Alex\Desktop\maternity_book\Http\controllers\session\store.php:14
Stack trace:
#0 C:\Users\Alex\Desktop\maternity_book\Http\controllers\session\store.php(14): Exception->__construct(Array, Array)
#1 C:\Users\Alex\Desktop\maternity_book\Core\Router.php(92): require('C:\\Users\\Alex\\D...')
#2 C:\Users\Alex\Desktop\maternity_book\public\index.php(49): Core\Router->route('/session', 'POST')
#3 {main}
  thrown in C:\Users\Alex\Desktop\maternity_book\Http\controllers\session\store.php on line 14
[07-Jul-2023 07:39:44 UTC] PHP Warning:  Undefined variable $offset in C:\Users\Alex\Desktop\maternity_book\views\forum\index.view.php on line 58
[07-Jul-2023 07:40:42 UTC] PHP Warning:  Undefined array key "user" in C:\Users\Alex\Desktop\maternity_book\Core\Middleware\Auth.php on line 16
[07-Jul-2023 07:40:42 UTC] PHP Warning:  Undefined array key "user" in C:\Users\Alex\Desktop\maternity_book\Core\Middleware\Auth.php on line 16
[07-Jul-2023 07:42:44 UTC] PHP Warning:  Undefined array key "user" in C:\Users\Alex\Desktop\maternity_book\Core\Middleware\Auth.php on line 16
[07-Jul-2023 07:42:44 UTC] PHP Warning:  Undefined array key "user" in C:\Users\Alex\Desktop\maternity_book\Core\Middleware\Auth.php on line 16
